{
  "C:\\Users\\user\\Desktop\\WEB PRO\\Application Tasks\\academic-bridge-react-technical-assignment\\src\\Components\\AvatarMaker.tsx": {
    "path": "C:\\Users\\user\\Desktop\\WEB PRO\\Application Tasks\\academic-bridge-react-technical-assignment\\src\\Components\\AvatarMaker.tsx",
    "all": false,
    "statementMap": {
      "0": { "start": { "line": 1, "column": 0 }, "end": { "line": 1, "column": 26 } },
      "7": { "start": { "line": 8, "column": 0 }, "end": { "line": 8, "column": 63 } },
      "8": { "start": { "line": 9, "column": 0 }, "end": { "line": 9, "column": 10 } },
      "9": { "start": { "line": 10, "column": 0 }, "end": { "line": 10, "column": 48 } },
      "10": { "start": { "line": 11, "column": 0 }, "end": { "line": 11, "column": 100 } },
      "11": { "start": { "line": 12, "column": 0 }, "end": { "line": 12, "column": 75 } },
      "12": { "start": { "line": 13, "column": 0 }, "end": { "line": 13, "column": 12 } },
      "13": { "start": { "line": 14, "column": 0 }, "end": { "line": 14, "column": 18 } },
      "14": { "start": { "line": 15, "column": 0 }, "end": { "line": 15, "column": 133 } },
      "16": { "start": { "line": 17, "column": 0 }, "end": { "line": 17, "column": 10 } },
      "18": { "start": { "line": 19, "column": 0 }, "end": { "line": 19, "column": 2 } },
      "20": { "start": { "line": 21, "column": 0 }, "end": { "line": 21, "column": 27 } }
    },
    "s": {
      "0": 1,
      "7": 1,
      "8": 29,
      "9": 29,
      "10": 29,
      "11": 29,
      "12": 29,
      "13": 29,
      "14": 0,
      "16": 29,
      "18": 29,
      "20": 1
    },
    "branchMap": {
      "0": {
        "type": "branch",
        "line": 8,
        "loc": { "start": { "line": 8, "column": 20 }, "end": { "line": 19, "column": 2 } },
        "locations": [{ "start": { "line": 8, "column": 20 }, "end": { "line": 19, "column": 2 } }]
      },
      "1": {
        "type": "branch",
        "line": 14,
        "loc": { "start": { "line": 14, "column": 7 }, "end": { "line": 15, "column": 133 } },
        "locations": [
          { "start": { "line": 14, "column": 7 }, "end": { "line": 15, "column": 133 } }
        ]
      }
    },
    "b": { "0": [29], "1": [0] },
    "fnMap": {
      "0": {
        "name": "AvatarMaker",
        "decl": { "start": { "line": 8, "column": 20 }, "end": { "line": 19, "column": 2 } },
        "loc": { "start": { "line": 8, "column": 20 }, "end": { "line": 19, "column": 2 } },
        "line": 8
      }
    },
    "f": { "0": 29 }
  },
  "C:\\Users\\user\\Desktop\\WEB PRO\\Application Tasks\\academic-bridge-react-technical-assignment\\src\\Components\\Navbar.tsx": {
    "path": "C:\\Users\\user\\Desktop\\WEB PRO\\Application Tasks\\academic-bridge-react-technical-assignment\\src\\Components\\Navbar.tsx",
    "all": false,
    "statementMap": {
      "0": { "start": { "line": 1, "column": 0 }, "end": { "line": 1, "column": 51 } },
      "2": { "start": { "line": 3, "column": 0 }, "end": { "line": 3, "column": 47 } },
      "3": { "start": { "line": 4, "column": 0 }, "end": { "line": 4, "column": 55 } },
      "5": { "start": { "line": 6, "column": 0 }, "end": { "line": 6, "column": 71 } },
      "10": { "start": { "line": 11, "column": 0 }, "end": { "line": 11, "column": 38 } },
      "11": { "start": { "line": 12, "column": 0 }, "end": { "line": 12, "column": 41 } },
      "12": { "start": { "line": 13, "column": 0 }, "end": { "line": 13, "column": 47 } },
      "14": { "start": { "line": 15, "column": 0 }, "end": { "line": 15, "column": 22 } },
      "15": { "start": { "line": 16, "column": 0 }, "end": { "line": 16, "column": 52 } },
      "16": { "start": { "line": 17, "column": 0 }, "end": { "line": 17, "column": 35 } },
      "17": { "start": { "line": 18, "column": 0 }, "end": { "line": 18, "column": 4 } },
      "18": { "start": { "line": 19, "column": 0 }, "end": { "line": 19, "column": 57 } },
      "19": { "start": { "line": 20, "column": 0 }, "end": { "line": 20, "column": 33 } },
      "20": { "start": { "line": 21, "column": 0 }, "end": { "line": 21, "column": 44 } },
      "21": { "start": { "line": 22, "column": 0 }, "end": { "line": 22, "column": 54 } },
      "22": { "start": { "line": 23, "column": 0 }, "end": { "line": 23, "column": 47 } },
      "23": { "start": { "line": 24, "column": 0 }, "end": { "line": 24, "column": 5 } },
      "25": { "start": { "line": 26, "column": 0 }, "end": { "line": 26, "column": 19 } },
      "26": { "start": { "line": 27, "column": 0 }, "end": { "line": 27, "column": 27 } },
      "27": { "start": { "line": 28, "column": 0 }, "end": { "line": 28, "column": 53 } },
      "28": { "start": { "line": 29, "column": 0 }, "end": { "line": 29, "column": 12 } },
      "29": { "start": { "line": 30, "column": 0 }, "end": { "line": 30, "column": 56 } },
      "30": { "start": { "line": 31, "column": 0 }, "end": { "line": 31, "column": 5 } },
      "31": { "start": { "line": 32, "column": 0 }, "end": { "line": 32, "column": 14 } },
      "33": { "start": { "line": 34, "column": 0 }, "end": { "line": 34, "column": 29 } },
      "34": { "start": { "line": 35, "column": 0 }, "end": { "line": 35, "column": 28 } },
      "35": { "start": { "line": 36, "column": 0 }, "end": { "line": 36, "column": 44 } },
      "36": { "start": { "line": 37, "column": 0 }, "end": { "line": 37, "column": 23 } },
      "37": { "start": { "line": 38, "column": 0 }, "end": { "line": 38, "column": 12 } },
      "38": { "start": { "line": 39, "column": 0 }, "end": { "line": 39, "column": 45 } },
      "39": { "start": { "line": 40, "column": 0 }, "end": { "line": 40, "column": 24 } },
      "40": { "start": { "line": 41, "column": 0 }, "end": { "line": 41, "column": 5 } },
      "41": { "start": { "line": 42, "column": 0 }, "end": { "line": 42, "column": 4 } },
      "43": { "start": { "line": 44, "column": 0 }, "end": { "line": 44, "column": 10 } },
      "44": { "start": { "line": 45, "column": 0 }, "end": { "line": 45, "column": 8 } },
      "45": { "start": { "line": 46, "column": 0 }, "end": { "line": 46, "column": 26 } },
      "46": { "start": { "line": 47, "column": 0 }, "end": { "line": 47, "column": 69 } },
      "48": { "start": { "line": 49, "column": 0 }, "end": { "line": 49, "column": 10 } },
      "49": { "start": { "line": 50, "column": 0 }, "end": { "line": 50, "column": 62 } },
      "50": { "start": { "line": 51, "column": 0 }, "end": { "line": 51, "column": 31 } },
      "51": { "start": { "line": 52, "column": 0 }, "end": { "line": 52, "column": 144 } },
      "53": { "start": { "line": 54, "column": 0 }, "end": { "line": 54, "column": 57 } },
      "54": { "start": { "line": 55, "column": 0 }, "end": { "line": 55, "column": 12 } },
      "55": { "start": { "line": 56, "column": 0 }, "end": { "line": 56, "column": 10 } },
      "56": { "start": { "line": 57, "column": 0 }, "end": { "line": 57, "column": 32 } },
      "57": { "start": { "line": 58, "column": 0 }, "end": { "line": 58, "column": 119 } },
      "59": { "start": { "line": 60, "column": 0 }, "end": { "line": 60, "column": 14 } },
      "60": { "start": { "line": 61, "column": 0 }, "end": { "line": 61, "column": 21 } },
      "61": { "start": { "line": 62, "column": 0 }, "end": { "line": 62, "column": 30 } },
      "62": { "start": { "line": 63, "column": 0 }, "end": { "line": 63, "column": 27 } },
      "63": { "start": { "line": 64, "column": 0 }, "end": { "line": 64, "column": 56 } },
      "64": { "start": { "line": 65, "column": 0 }, "end": { "line": 65, "column": 110 } },
      "65": { "start": { "line": 66, "column": 0 }, "end": { "line": 66, "column": 36 } },
      "66": { "start": { "line": 67, "column": 0 }, "end": { "line": 67, "column": 10 } },
      "67": { "start": { "line": 68, "column": 0 }, "end": { "line": 68, "column": 65 } },
      "68": { "start": { "line": 69, "column": 0 }, "end": { "line": 69, "column": 24 } },
      "69": { "start": { "line": 70, "column": 0 }, "end": { "line": 70, "column": 28 } },
      "70": { "start": { "line": 71, "column": 0 }, "end": { "line": 71, "column": 44 } },
      "71": { "start": { "line": 72, "column": 0 }, "end": { "line": 72, "column": 45 } },
      "72": { "start": { "line": 73, "column": 0 }, "end": { "line": 73, "column": 31 } },
      "73": { "start": { "line": 74, "column": 0 }, "end": { "line": 74, "column": 14 } },
      "74": { "start": { "line": 75, "column": 0 }, "end": { "line": 75, "column": 21 } },
      "75": { "start": { "line": 76, "column": 0 }, "end": { "line": 76, "column": 74 } },
      "76": { "start": { "line": 77, "column": 0 }, "end": { "line": 77, "column": 37 } },
      "77": { "start": { "line": 78, "column": 0 }, "end": { "line": 78, "column": 12 } },
      "78": { "start": { "line": 79, "column": 0 }, "end": { "line": 79, "column": 14 } },
      "79": { "start": { "line": 80, "column": 0 }, "end": { "line": 80, "column": 12 } },
      "81": { "start": { "line": 82, "column": 0 }, "end": { "line": 82, "column": 54 } },
      "82": { "start": { "line": 83, "column": 0 }, "end": { "line": 83, "column": 12 } },
      "83": { "start": { "line": 84, "column": 0 }, "end": { "line": 84, "column": 31 } },
      "84": { "start": { "line": 85, "column": 0 }, "end": { "line": 85, "column": 36 } },
      "85": { "start": { "line": 86, "column": 0 }, "end": { "line": 86, "column": 121 } },
      "87": { "start": { "line": 88, "column": 0 }, "end": { "line": 88, "column": 32 } },
      "88": { "start": { "line": 89, "column": 0 }, "end": { "line": 89, "column": 17 } },
      "89": { "start": { "line": 90, "column": 0 }, "end": { "line": 90, "column": 66 } },
      "90": { "start": { "line": 91, "column": 0 }, "end": { "line": 91, "column": 31 } },
      "91": { "start": { "line": 92, "column": 0 }, "end": { "line": 92, "column": 14 } },
      "93": { "start": { "line": 94, "column": 0 }, "end": { "line": 94, "column": 16 } },
      "94": { "start": { "line": 95, "column": 0 }, "end": { "line": 95, "column": 66 } },
      "95": { "start": { "line": 96, "column": 0 }, "end": { "line": 96, "column": 31 } },
      "96": { "start": { "line": 97, "column": 0 }, "end": { "line": 97, "column": 14 } },
      "98": { "start": { "line": 99, "column": 0 }, "end": { "line": 99, "column": 14 } },
      "99": { "start": { "line": 100, "column": 0 }, "end": { "line": 100, "column": 12 } },
      "100": { "start": { "line": 101, "column": 0 }, "end": { "line": 101, "column": 41 } },
      "101": { "start": { "line": 102, "column": 0 }, "end": { "line": 102, "column": 121 } },
      "103": { "start": { "line": 104, "column": 0 }, "end": { "line": 104, "column": 36 } },
      "104": { "start": { "line": 105, "column": 0 }, "end": { "line": 105, "column": 17 } },
      "105": { "start": { "line": 106, "column": 0 }, "end": { "line": 106, "column": 66 } },
      "106": { "start": { "line": 107, "column": 0 }, "end": { "line": 107, "column": 31 } },
      "107": { "start": { "line": 108, "column": 0 }, "end": { "line": 108, "column": 14 } },
      "108": { "start": { "line": 109, "column": 0 }, "end": { "line": 109, "column": 98 } },
      "109": { "start": { "line": 110, "column": 0 }, "end": { "line": 110, "column": 16 } },
      "110": { "start": { "line": 111, "column": 0 }, "end": { "line": 111, "column": 14 } },
      "111": { "start": { "line": 112, "column": 0 }, "end": { "line": 112, "column": 12 } },
      "112": { "start": { "line": 113, "column": 0 }, "end": { "line": 113, "column": 44 } },
      "113": { "start": { "line": 114, "column": 0 }, "end": { "line": 114, "column": 136 } },
      "115": { "start": { "line": 116, "column": 0 }, "end": { "line": 116, "column": 14 } },
      "116": { "start": { "line": 117, "column": 0 }, "end": { "line": 117, "column": 36 } },
      "117": { "start": { "line": 118, "column": 0 }, "end": { "line": 118, "column": 68 } },
      "119": { "start": { "line": 120, "column": 0 }, "end": { "line": 120, "column": 29 } },
      "120": { "start": { "line": 121, "column": 0 }, "end": { "line": 121, "column": 75 } },
      "122": { "start": { "line": 123, "column": 0 }, "end": { "line": 123, "column": 74 } },
      "124": { "start": { "line": 125, "column": 0 }, "end": { "line": 125, "column": 16 } },
      "125": { "start": { "line": 126, "column": 0 }, "end": { "line": 126, "column": 14 } },
      "126": { "start": { "line": 127, "column": 0 }, "end": { "line": 127, "column": 12 } },
      "127": { "start": { "line": 128, "column": 0 }, "end": { "line": 128, "column": 10 } },
      "129": { "start": { "line": 130, "column": 0 }, "end": { "line": 130, "column": 2 } },
      "131": { "start": { "line": 132, "column": 0 }, "end": { "line": 132, "column": 22 } }
    },
    "s": {
      "0": 1,
      "2": 1,
      "3": 1,
      "5": 1,
      "10": 1,
      "11": 1,
      "12": 1,
      "14": 1,
      "15": 13,
      "16": 13,
      "17": 13,
      "18": 13,
      "19": 13,
      "20": 13,
      "21": 6,
      "22": 6,
      "23": 13,
      "25": 13,
      "26": 8,
      "27": 1,
      "28": 8,
      "29": 7,
      "30": 7,
      "31": 13,
      "33": 13,
      "34": 2,
      "35": 1,
      "36": 1,
      "37": 1,
      "38": 1,
      "39": 1,
      "40": 1,
      "41": 2,
      "43": 13,
      "44": 13,
      "45": 13,
      "46": 13,
      "48": 13,
      "49": 13,
      "50": 13,
      "51": 13,
      "53": 13,
      "54": 13,
      "55": 13,
      "56": 13,
      "57": 13,
      "59": 13,
      "60": 13,
      "61": 13,
      "62": 13,
      "63": 13,
      "64": 13,
      "65": 13,
      "66": 13,
      "67": 13,
      "68": 13,
      "69": 13,
      "70": 1,
      "71": 1,
      "72": 1,
      "73": 1,
      "74": 13,
      "75": 13,
      "76": 13,
      "77": 13,
      "78": 13,
      "79": 13,
      "81": 13,
      "82": 13,
      "83": 13,
      "84": 13,
      "85": 13,
      "87": 13,
      "88": 12,
      "89": 12,
      "90": 12,
      "91": 12,
      "93": 1,
      "94": 1,
      "95": 1,
      "96": 1,
      "98": 13,
      "99": 13,
      "100": 13,
      "101": 13,
      "103": 13,
      "104": 13,
      "105": 13,
      "106": 13,
      "107": 13,
      "108": 13,
      "109": 13,
      "110": 13,
      "111": 13,
      "112": 13,
      "113": 13,
      "115": 13,
      "116": 13,
      "117": 13,
      "119": 13,
      "120": 13,
      "122": 0,
      "124": 13,
      "125": 13,
      "126": 13,
      "127": 13,
      "129": 13,
      "131": 1
    },
    "branchMap": {
      "0": {
        "type": "branch",
        "line": 15,
        "loc": { "start": { "line": 15, "column": 15 }, "end": { "line": 130, "column": 2 } },
        "locations": [
          { "start": { "line": 15, "column": 15 }, "end": { "line": 130, "column": 2 } }
        ]
      },
      "1": {
        "type": "branch",
        "line": 88,
        "loc": { "start": { "line": 88, "column": 21 }, "end": { "line": 92, "column": 14 } },
        "locations": [
          { "start": { "line": 88, "column": 21 }, "end": { "line": 92, "column": 14 } }
        ]
      },
      "2": {
        "type": "branch",
        "line": 92,
        "loc": { "start": { "line": 92, "column": 12 }, "end": { "line": 97, "column": 14 } },
        "locations": [
          { "start": { "line": 92, "column": 12 }, "end": { "line": 97, "column": 14 } }
        ]
      },
      "3": {
        "type": "branch",
        "line": 121,
        "loc": { "start": { "line": 121, "column": 73 }, "end": { "line": 123, "column": 74 } },
        "locations": [
          { "start": { "line": 121, "column": 73 }, "end": { "line": 123, "column": 74 } }
        ]
      },
      "4": {
        "type": "branch",
        "line": 17,
        "loc": { "start": { "line": 17, "column": 4 }, "end": { "line": 17, "column": 35 } },
        "locations": [{ "start": { "line": 17, "column": 4 }, "end": { "line": 17, "column": 35 } }]
      },
      "5": {
        "type": "branch",
        "line": 21,
        "loc": { "start": { "line": 21, "column": 37 }, "end": { "line": 24, "column": 3 } },
        "locations": [{ "start": { "line": 21, "column": 37 }, "end": { "line": 24, "column": 3 } }]
      },
      "6": {
        "type": "branch",
        "line": 23,
        "loc": { "start": { "line": 23, "column": 11 }, "end": { "line": 23, "column": 39 } },
        "locations": [
          { "start": { "line": 23, "column": 11 }, "end": { "line": 23, "column": 39 } }
        ]
      },
      "7": {
        "type": "branch",
        "line": 23,
        "loc": { "start": { "line": 23, "column": 25 }, "end": { "line": 23, "column": 47 } },
        "locations": [
          { "start": { "line": 23, "column": 25 }, "end": { "line": 23, "column": 47 } }
        ]
      },
      "8": {
        "type": "branch",
        "line": 26,
        "loc": { "start": { "line": 26, "column": 12 }, "end": { "line": 32, "column": 5 } },
        "locations": [{ "start": { "line": 26, "column": 12 }, "end": { "line": 32, "column": 5 } }]
      },
      "9": {
        "type": "branch",
        "line": 27,
        "loc": { "start": { "line": 27, "column": 26 }, "end": { "line": 29, "column": 11 } },
        "locations": [
          { "start": { "line": 27, "column": 26 }, "end": { "line": 29, "column": 11 } }
        ]
      },
      "10": {
        "type": "branch",
        "line": 29,
        "loc": { "start": { "line": 29, "column": 4 }, "end": { "line": 31, "column": 5 } },
        "locations": [{ "start": { "line": 29, "column": 4 }, "end": { "line": 31, "column": 5 } }]
      },
      "11": {
        "type": "branch",
        "line": 34,
        "loc": { "start": { "line": 34, "column": 22 }, "end": { "line": 42, "column": 4 } },
        "locations": [{ "start": { "line": 34, "column": 22 }, "end": { "line": 42, "column": 4 } }]
      },
      "12": {
        "type": "branch",
        "line": 35,
        "loc": { "start": { "line": 35, "column": 27 }, "end": { "line": 41, "column": 5 } },
        "locations": [{ "start": { "line": 35, "column": 27 }, "end": { "line": 41, "column": 5 } }]
      },
      "13": {
        "type": "branch",
        "line": 50,
        "loc": { "start": { "line": 50, "column": 17 }, "end": { "line": 50, "column": 62 } },
        "locations": [
          { "start": { "line": 50, "column": 17 }, "end": { "line": 50, "column": 62 } }
        ]
      },
      "14": {
        "type": "branch",
        "line": 64,
        "loc": { "start": { "line": 64, "column": 20 }, "end": { "line": 64, "column": 56 } },
        "locations": [
          { "start": { "line": 64, "column": 20 }, "end": { "line": 64, "column": 56 } }
        ]
      },
      "15": {
        "type": "branch",
        "line": 70,
        "loc": { "start": { "line": 70, "column": 21 }, "end": { "line": 74, "column": 14 } },
        "locations": [
          { "start": { "line": 70, "column": 21 }, "end": { "line": 74, "column": 14 } }
        ]
      },
      "16": {
        "type": "branch",
        "line": 71,
        "loc": { "start": { "line": 71, "column": 37 }, "end": { "line": 71, "column": 44 } },
        "locations": [
          { "start": { "line": 71, "column": 37 }, "end": { "line": 71, "column": 44 } }
        ]
      }
    },
    "b": {
      "0": [13],
      "1": [12],
      "2": [1],
      "3": [0],
      "4": [22],
      "5": [6],
      "6": [4],
      "7": [2],
      "8": [8],
      "9": [1],
      "10": [7],
      "11": [2],
      "12": [1],
      "13": [2],
      "14": [2],
      "15": [1],
      "16": [0]
    },
    "fnMap": {
      "0": {
        "name": "Navbar",
        "decl": { "start": { "line": 15, "column": 15 }, "end": { "line": 130, "column": 2 } },
        "loc": { "start": { "line": 15, "column": 15 }, "end": { "line": 130, "column": 2 } },
        "line": 15
      },
      "1": {
        "name": "handleTheme",
        "decl": { "start": { "line": 34, "column": 22 }, "end": { "line": 42, "column": 4 } },
        "loc": { "start": { "line": 34, "column": 22 }, "end": { "line": 42, "column": 4 } },
        "line": 34
      },
      "2": {
        "name": "onClick",
        "decl": { "start": { "line": 50, "column": 17 }, "end": { "line": 50, "column": 62 } },
        "loc": { "start": { "line": 50, "column": 17 }, "end": { "line": 50, "column": 62 } },
        "line": 50
      },
      "3": {
        "name": "onChange",
        "decl": { "start": { "line": 64, "column": 20 }, "end": { "line": 64, "column": 56 } },
        "loc": { "start": { "line": 64, "column": 20 }, "end": { "line": 64, "column": 56 } },
        "line": 64
      },
      "4": {
        "name": "onClick",
        "decl": { "start": { "line": 70, "column": 21 }, "end": { "line": 74, "column": 14 } },
        "loc": { "start": { "line": 70, "column": 21 }, "end": { "line": 74, "column": 14 } },
        "line": 70
      },
      "5": {
        "name": "onClick",
        "decl": { "start": { "line": 118, "column": 21 }, "end": { "line": 118, "column": 68 } },
        "loc": { "start": { "line": 118, "column": 21 }, "end": { "line": 118, "column": 68 } },
        "line": 118
      }
    },
    "f": { "0": 13, "1": 2, "2": 2, "3": 2, "4": 1, "5": 0 }
  },
  "C:\\Users\\user\\Desktop\\WEB PRO\\Application Tasks\\academic-bridge-react-technical-assignment\\src\\Components\\ReacivedMessage.tsx": {
    "path": "C:\\Users\\user\\Desktop\\WEB PRO\\Application Tasks\\academic-bridge-react-technical-assignment\\src\\Components\\ReacivedMessage.tsx",
    "all": false,
    "statementMap": {
      "0": { "start": { "line": 1, "column": 0 }, "end": { "line": 1, "column": 26 } },
      "1": { "start": { "line": 2, "column": 0 }, "end": { "line": 2, "column": 40 } },
      "2": { "start": { "line": 3, "column": 0 }, "end": { "line": 3, "column": 36 } },
      "3": { "start": { "line": 4, "column": 0 }, "end": { "line": 4, "column": 36 } },
      "13": { "start": { "line": 14, "column": 0 }, "end": { "line": 14, "column": 26 } },
      "14": { "start": { "line": 15, "column": 0 }, "end": { "line": 15, "column": 15 } },
      "15": { "start": { "line": 16, "column": 0 }, "end": { "line": 16, "column": 7 } },
      "16": { "start": { "line": 17, "column": 0 }, "end": { "line": 17, "column": 7 } },
      "17": { "start": { "line": 18, "column": 0 }, "end": { "line": 18, "column": 10 } },
      "18": { "start": { "line": 19, "column": 0 }, "end": { "line": 19, "column": 19 } },
      "19": { "start": { "line": 20, "column": 0 }, "end": { "line": 20, "column": 29 } },
      "20": { "start": { "line": 21, "column": 0 }, "end": { "line": 21, "column": 10 } },
      "21": { "start": { "line": 22, "column": 0 }, "end": { "line": 22, "column": 39 } },
      "22": { "start": { "line": 23, "column": 0 }, "end": { "line": 23, "column": 11 } },
      "23": { "start": { "line": 24, "column": 0 }, "end": { "line": 24, "column": 45 } },
      "24": { "start": { "line": 25, "column": 0 }, "end": { "line": 25, "column": 12 } },
      "25": { "start": { "line": 26, "column": 0 }, "end": { "line": 26, "column": 43 } },
      "26": { "start": { "line": 27, "column": 0 }, "end": { "line": 27, "column": 36 } },
      "27": { "start": { "line": 28, "column": 0 }, "end": { "line": 28, "column": 64 } },
      "28": { "start": { "line": 29, "column": 0 }, "end": { "line": 29, "column": 76 } },
      "29": { "start": { "line": 30, "column": 0 }, "end": { "line": 30, "column": 14 } },
      "30": { "start": { "line": 31, "column": 0 }, "end": { "line": 31, "column": 21 } },
      "31": { "start": { "line": 32, "column": 0 }, "end": { "line": 32, "column": 137 } },
      "32": { "start": { "line": 33, "column": 0 }, "end": { "line": 33, "column": 52 } },
      "33": { "start": { "line": 34, "column": 0 }, "end": { "line": 34, "column": 83 } },
      "34": { "start": { "line": 35, "column": 0 }, "end": { "line": 35, "column": 19 } },
      "35": { "start": { "line": 36, "column": 0 }, "end": { "line": 36, "column": 64 } },
      "36": { "start": { "line": 37, "column": 0 }, "end": { "line": 37, "column": 31 } },
      "37": { "start": { "line": 38, "column": 0 }, "end": { "line": 38, "column": 22 } },
      "38": { "start": { "line": 39, "column": 0 }, "end": { "line": 39, "column": 132 } },
      "39": { "start": { "line": 40, "column": 0 }, "end": { "line": 40, "column": 80 } },
      "41": { "start": { "line": 42, "column": 0 }, "end": { "line": 42, "column": 22 } },
      "42": { "start": { "line": 43, "column": 0 }, "end": { "line": 43, "column": 78 } },
      "43": { "start": { "line": 44, "column": 0 }, "end": { "line": 44, "column": 20 } },
      "44": { "start": { "line": 45, "column": 0 }, "end": { "line": 45, "column": 18 } },
      "45": { "start": { "line": 46, "column": 0 }, "end": { "line": 46, "column": 16 } },
      "47": { "start": { "line": 48, "column": 0 }, "end": { "line": 48, "column": 43 } },
      "48": { "start": { "line": 49, "column": 0 }, "end": { "line": 49, "column": 12 } },
      "49": { "start": { "line": 50, "column": 0 }, "end": { "line": 50, "column": 10 } },
      "51": { "start": { "line": 52, "column": 0 }, "end": { "line": 52, "column": 2 } },
      "53": { "start": { "line": 54, "column": 0 }, "end": { "line": 54, "column": 31 } }
    },
    "s": {
      "0": 1,
      "1": 1,
      "2": 1,
      "3": 1,
      "13": 1,
      "14": 18,
      "15": 18,
      "16": 18,
      "17": 18,
      "18": 18,
      "19": 18,
      "20": 18,
      "21": 18,
      "22": 18,
      "23": 18,
      "24": 18,
      "25": 18,
      "26": 18,
      "27": 18,
      "28": 18,
      "29": 18,
      "30": 18,
      "31": 13,
      "32": 13,
      "33": 13,
      "34": 13,
      "35": 13,
      "36": 13,
      "37": 13,
      "38": 13,
      "39": 13,
      "41": 13,
      "42": 13,
      "43": 13,
      "44": 13,
      "45": 13,
      "47": 18,
      "48": 18,
      "49": 18,
      "51": 18,
      "53": 1
    },
    "branchMap": {
      "0": {
        "type": "branch",
        "line": 14,
        "loc": { "start": { "line": 14, "column": 24 }, "end": { "line": 52, "column": 2 } },
        "locations": [{ "start": { "line": 14, "column": 24 }, "end": { "line": 52, "column": 2 } }]
      },
      "1": {
        "type": "branch",
        "line": 31,
        "loc": { "start": { "line": 31, "column": 9 }, "end": { "line": 46, "column": 16 } },
        "locations": [{ "start": { "line": 31, "column": 9 }, "end": { "line": 46, "column": 16 } }]
      },
      "2": {
        "type": "branch",
        "line": 48,
        "loc": { "start": { "line": 48, "column": 9 }, "end": { "line": 48, "column": 43 } },
        "locations": [{ "start": { "line": 48, "column": 9 }, "end": { "line": 48, "column": 43 } }]
      }
    },
    "b": { "0": [18], "1": [13], "2": [5] },
    "fnMap": {
      "0": {
        "name": "ReacivedMessage",
        "decl": { "start": { "line": 14, "column": 24 }, "end": { "line": 52, "column": 2 } },
        "loc": { "start": { "line": 14, "column": 24 }, "end": { "line": 52, "column": 2 } },
        "line": 14
      }
    },
    "f": { "0": 18 }
  },
  "C:\\Users\\user\\Desktop\\WEB PRO\\Application Tasks\\academic-bridge-react-technical-assignment\\src\\Components\\RightSidebar.tsx": {
    "path": "C:\\Users\\user\\Desktop\\WEB PRO\\Application Tasks\\academic-bridge-react-technical-assignment\\src\\Components\\RightSidebar.tsx",
    "all": false,
    "statementMap": {
      "0": { "start": { "line": 1, "column": 0 }, "end": { "line": 1, "column": 74 } },
      "1": { "start": { "line": 2, "column": 0 }, "end": { "line": 2, "column": 44 } },
      "2": { "start": { "line": 3, "column": 0 }, "end": { "line": 3, "column": 44 } },
      "3": { "start": { "line": 4, "column": 0 }, "end": { "line": 4, "column": 44 } },
      "4": { "start": { "line": 5, "column": 0 }, "end": { "line": 5, "column": 44 } },
      "5": { "start": { "line": 6, "column": 0 }, "end": { "line": 6, "column": 44 } },
      "6": { "start": { "line": 7, "column": 0 }, "end": { "line": 7, "column": 44 } },
      "7": { "start": { "line": 8, "column": 0 }, "end": { "line": 8, "column": 44 } },
      "8": { "start": { "line": 9, "column": 0 }, "end": { "line": 9, "column": 40 } },
      "9": { "start": { "line": 10, "column": 0 }, "end": { "line": 10, "column": 43 } },
      "10": { "start": { "line": 11, "column": 0 }, "end": { "line": 11, "column": 49 } },
      "11": { "start": { "line": 12, "column": 0 }, "end": { "line": 12, "column": 48 } },
      "12": { "start": { "line": 13, "column": 0 }, "end": { "line": 13, "column": 40 } },
      "14": { "start": { "line": 15, "column": 0 }, "end": { "line": 15, "column": 75 } },
      "16": { "start": { "line": 17, "column": 0 }, "end": { "line": 17, "column": 28 } },
      "17": { "start": { "line": 18, "column": 0 }, "end": { "line": 18, "column": 61 } },
      "19": { "start": { "line": 20, "column": 0 }, "end": { "line": 20, "column": 19 } },
      "20": { "start": { "line": 21, "column": 0 }, "end": { "line": 21, "column": 33 } },
      "21": { "start": { "line": 22, "column": 0 }, "end": { "line": 22, "column": 77 } },
      "22": { "start": { "line": 23, "column": 0 }, "end": { "line": 23, "column": 5 } },
      "23": { "start": { "line": 24, "column": 0 }, "end": { "line": 24, "column": 9 } },
      "24": { "start": { "line": 25, "column": 0 }, "end": { "line": 25, "column": 10 } },
      "25": { "start": { "line": 26, "column": 0 }, "end": { "line": 26, "column": 141 } },
      "26": { "start": { "line": 27, "column": 0 }, "end": { "line": 27, "column": 44 } },
      "27": { "start": { "line": 28, "column": 0 }, "end": { "line": 28, "column": 57 } },
      "28": { "start": { "line": 29, "column": 0 }, "end": { "line": 29, "column": 74 } },
      "29": { "start": { "line": 30, "column": 0 }, "end": { "line": 30, "column": 12 } },
      "30": { "start": { "line": 31, "column": 0 }, "end": { "line": 31, "column": 94 } },
      "31": { "start": { "line": 32, "column": 0 }, "end": { "line": 32, "column": 75 } },
      "32": { "start": { "line": 33, "column": 0 }, "end": { "line": 33, "column": 80 } },
      "33": { "start": { "line": 34, "column": 0 }, "end": { "line": 34, "column": 68 } },
      "34": { "start": { "line": 35, "column": 0 }, "end": { "line": 35, "column": 25 } },
      "35": { "start": { "line": 36, "column": 0 }, "end": { "line": 36, "column": 49 } },
      "36": { "start": { "line": 37, "column": 0 }, "end": { "line": 37, "column": 31 } },
      "37": { "start": { "line": 38, "column": 0 }, "end": { "line": 38, "column": 14 } },
      "38": { "start": { "line": 39, "column": 0 }, "end": { "line": 39, "column": 28 } },
      "39": { "start": { "line": 40, "column": 0 }, "end": { "line": 40, "column": 16 } },
      "40": { "start": { "line": 41, "column": 0 }, "end": { "line": 41, "column": 67 } },
      "42": { "start": { "line": 43, "column": 0 }, "end": { "line": 43, "column": 14 } },
      "44": { "start": { "line": 45, "column": 0 }, "end": { "line": 45, "column": 68 } },
      "45": { "start": { "line": 46, "column": 0 }, "end": { "line": 46, "column": 36 } },
      "46": { "start": { "line": 47, "column": 0 }, "end": { "line": 47, "column": 24 } },
      "47": { "start": { "line": 48, "column": 0 }, "end": { "line": 48, "column": 16 } },
      "48": { "start": { "line": 49, "column": 0 }, "end": { "line": 49, "column": 14 } },
      "49": { "start": { "line": 50, "column": 0 }, "end": { "line": 50, "column": 50 } },
      "50": { "start": { "line": 51, "column": 0 }, "end": { "line": 51, "column": 41 } },
      "52": { "start": { "line": 53, "column": 0 }, "end": { "line": 53, "column": 51 } },
      "53": { "start": { "line": 54, "column": 0 }, "end": { "line": 54, "column": 18 } },
      "54": { "start": { "line": 55, "column": 0 }, "end": { "line": 55, "column": 30 } },
      "55": { "start": { "line": 56, "column": 0 }, "end": { "line": 56, "column": 117 } },
      "56": { "start": { "line": 57, "column": 0 }, "end": { "line": 57, "column": 41 } },
      "58": { "start": { "line": 59, "column": 0 }, "end": { "line": 59, "column": 20 } },
      "59": { "start": { "line": 60, "column": 0 }, "end": { "line": 60, "column": 32 } },
      "60": { "start": { "line": 61, "column": 0 }, "end": { "line": 61, "column": 35 } },
      "61": { "start": { "line": 62, "column": 0 }, "end": { "line": 62, "column": 56 } },
      "62": { "start": { "line": 63, "column": 0 }, "end": { "line": 63, "column": 18 } },
      "63": { "start": { "line": 64, "column": 0 }, "end": { "line": 64, "column": 20 } },
      "64": { "start": { "line": 65, "column": 0 }, "end": { "line": 65, "column": 15 } },
      "65": { "start": { "line": 66, "column": 0 }, "end": { "line": 66, "column": 16 } },
      "67": { "start": { "line": 68, "column": 0 }, "end": { "line": 68, "column": 68 } },
      "68": { "start": { "line": 69, "column": 0 }, "end": { "line": 69, "column": 32 } },
      "69": { "start": { "line": 70, "column": 0 }, "end": { "line": 70, "column": 26 } },
      "70": { "start": { "line": 71, "column": 0 }, "end": { "line": 71, "column": 16 } },
      "71": { "start": { "line": 72, "column": 0 }, "end": { "line": 72, "column": 67 } },
      "73": { "start": { "line": 74, "column": 0 }, "end": { "line": 74, "column": 14 } },
      "74": { "start": { "line": 75, "column": 0 }, "end": { "line": 75, "column": 14 } },
      "75": { "start": { "line": 76, "column": 0 }, "end": { "line": 76, "column": 12 } },
      "77": { "start": { "line": 78, "column": 0 }, "end": { "line": 78, "column": 55 } },
      "78": { "start": { "line": 79, "column": 0 }, "end": { "line": 79, "column": 43 } },
      "79": { "start": { "line": 80, "column": 0 }, "end": { "line": 80, "column": 51 } },
      "80": { "start": { "line": 81, "column": 0 }, "end": { "line": 81, "column": 93 } },
      "82": { "start": { "line": 83, "column": 0 }, "end": { "line": 83, "column": 16 } },
      "83": { "start": { "line": 84, "column": 0 }, "end": { "line": 84, "column": 73 } },
      "84": { "start": { "line": 85, "column": 0 }, "end": { "line": 85, "column": 16 } },
      "85": { "start": { "line": 86, "column": 0 }, "end": { "line": 86, "column": 35 } },
      "86": { "start": { "line": 87, "column": 0 }, "end": { "line": 87, "column": 68 } },
      "87": { "start": { "line": 88, "column": 0 }, "end": { "line": 88, "column": 16 } },
      "88": { "start": { "line": 89, "column": 0 }, "end": { "line": 89, "column": 14 } },
      "89": { "start": { "line": 90, "column": 0 }, "end": { "line": 90, "column": 12 } },
      "90": { "start": { "line": 91, "column": 0 }, "end": { "line": 91, "column": 30 } },
      "91": { "start": { "line": 92, "column": 0 }, "end": { "line": 92, "column": 120 } },
      "93": { "start": { "line": 94, "column": 0 }, "end": { "line": 94, "column": 26 } },
      "94": { "start": { "line": 95, "column": 0 }, "end": { "line": 95, "column": 34 } },
      "95": { "start": { "line": 96, "column": 0 }, "end": { "line": 96, "column": 31 } },
      "96": { "start": { "line": 97, "column": 0 }, "end": { "line": 97, "column": 27 } },
      "97": { "start": { "line": 98, "column": 0 }, "end": { "line": 98, "column": 48 } },
      "98": { "start": { "line": 99, "column": 0 }, "end": { "line": 99, "column": 12 } },
      "99": { "start": { "line": 100, "column": 0 }, "end": { "line": 100, "column": 26 } },
      "100": { "start": { "line": 101, "column": 0 }, "end": { "line": 101, "column": 34 } },
      "101": { "start": { "line": 102, "column": 0 }, "end": { "line": 102, "column": 33 } },
      "102": { "start": { "line": 103, "column": 0 }, "end": { "line": 103, "column": 27 } },
      "103": { "start": { "line": 104, "column": 0 }, "end": { "line": 104, "column": 48 } },
      "104": { "start": { "line": 105, "column": 0 }, "end": { "line": 105, "column": 12 } },
      "105": { "start": { "line": 106, "column": 0 }, "end": { "line": 106, "column": 22 } },
      "106": { "start": { "line": 107, "column": 0 }, "end": { "line": 107, "column": 34 } },
      "107": { "start": { "line": 108, "column": 0 }, "end": { "line": 108, "column": 30 } },
      "108": { "start": { "line": 109, "column": 0 }, "end": { "line": 109, "column": 27 } },
      "109": { "start": { "line": 110, "column": 0 }, "end": { "line": 110, "column": 63 } },
      "110": { "start": { "line": 111, "column": 0 }, "end": { "line": 111, "column": 12 } },
      "111": { "start": { "line": 112, "column": 0 }, "end": { "line": 112, "column": 26 } },
      "112": { "start": { "line": 113, "column": 0 }, "end": { "line": 113, "column": 34 } },
      "113": { "start": { "line": 114, "column": 0 }, "end": { "line": 114, "column": 31 } },
      "114": { "start": { "line": 115, "column": 0 }, "end": { "line": 115, "column": 27 } },
      "115": { "start": { "line": 116, "column": 0 }, "end": { "line": 116, "column": 35 } },
      "116": { "start": { "line": 117, "column": 0 }, "end": { "line": 117, "column": 12 } },
      "117": { "start": { "line": 118, "column": 0 }, "end": { "line": 118, "column": 22 } },
      "118": { "start": { "line": 119, "column": 0 }, "end": { "line": 119, "column": 32 } },
      "119": { "start": { "line": 120, "column": 0 }, "end": { "line": 120, "column": 30 } },
      "120": { "start": { "line": 121, "column": 0 }, "end": { "line": 121, "column": 27 } },
      "121": { "start": { "line": 122, "column": 0 }, "end": { "line": 122, "column": 46 } },
      "122": { "start": { "line": 123, "column": 0 }, "end": { "line": 123, "column": 12 } },
      "123": { "start": { "line": 124, "column": 0 }, "end": { "line": 124, "column": 14 } },
      "124": { "start": { "line": 125, "column": 0 }, "end": { "line": 125, "column": 143 } },
      "125": { "start": { "line": 126, "column": 0 }, "end": { "line": 126, "column": 16 } },
      "126": { "start": { "line": 127, "column": 0 }, "end": { "line": 127, "column": 23 } },
      "127": { "start": { "line": 128, "column": 0 }, "end": { "line": 128, "column": 41 } },
      "128": { "start": { "line": 129, "column": 0 }, "end": { "line": 129, "column": 172 } },
      "130": { "start": { "line": 131, "column": 0 }, "end": { "line": 131, "column": 12 } },
      "131": { "start": { "line": 132, "column": 0 }, "end": { "line": 132, "column": 62 } },
      "132": { "start": { "line": 133, "column": 0 }, "end": { "line": 133, "column": 16 } },
      "133": { "start": { "line": 134, "column": 0 }, "end": { "line": 134, "column": 66 } },
      "134": { "start": { "line": 135, "column": 0 }, "end": { "line": 135, "column": 31 } },
      "135": { "start": { "line": 136, "column": 0 }, "end": { "line": 136, "column": 14 } },
      "136": { "start": { "line": 137, "column": 0 }, "end": { "line": 137, "column": 69 } },
      "137": { "start": { "line": 138, "column": 0 }, "end": { "line": 138, "column": 75 } },
      "138": { "start": { "line": 139, "column": 0 }, "end": { "line": 139, "column": 16 } },
      "139": { "start": { "line": 140, "column": 0 }, "end": { "line": 140, "column": 14 } },
      "140": { "start": { "line": 141, "column": 0 }, "end": { "line": 141, "column": 12 } },
      "141": { "start": { "line": 142, "column": 0 }, "end": { "line": 142, "column": 10 } },
      "143": { "start": { "line": 144, "column": 0 }, "end": { "line": 144, "column": 2 } },
      "145": { "start": { "line": 146, "column": 0 }, "end": { "line": 146, "column": 28 } }
    },
    "s": {
      "0": 1,
      "1": 1,
      "2": 1,
      "3": 1,
      "4": 1,
      "5": 1,
      "6": 1,
      "7": 1,
      "8": 1,
      "9": 1,
      "10": 1,
      "11": 1,
      "12": 1,
      "14": 1,
      "16": 1,
      "17": 5,
      "19": 5,
      "20": 4,
      "21": 4,
      "22": 4,
      "23": 5,
      "24": 5,
      "25": 5,
      "26": 5,
      "27": 5,
      "28": 5,
      "29": 5,
      "30": 5,
      "31": 5,
      "32": 5,
      "33": 5,
      "34": 5,
      "35": 5,
      "36": 5,
      "37": 5,
      "38": 5,
      "39": 5,
      "40": 5,
      "42": 5,
      "44": 5,
      "45": 5,
      "46": 5,
      "47": 5,
      "48": 5,
      "49": 5,
      "50": 5,
      "52": 5,
      "53": 24,
      "54": 24,
      "55": 24,
      "56": 24,
      "58": 24,
      "59": 24,
      "60": 24,
      "61": 24,
      "62": 24,
      "63": 24,
      "64": 5,
      "65": 5,
      "67": 5,
      "68": 5,
      "69": 5,
      "70": 5,
      "71": 5,
      "73": 5,
      "74": 5,
      "75": 5,
      "77": 5,
      "78": 5,
      "79": 5,
      "80": 5,
      "82": 5,
      "83": 5,
      "84": 5,
      "85": 5,
      "86": 5,
      "87": 5,
      "88": 5,
      "89": 5,
      "90": 5,
      "91": 5,
      "93": 5,
      "94": 5,
      "95": 5,
      "96": 5,
      "97": 5,
      "98": 5,
      "99": 5,
      "100": 5,
      "101": 5,
      "102": 5,
      "103": 5,
      "104": 5,
      "105": 5,
      "106": 5,
      "107": 5,
      "108": 5,
      "109": 5,
      "110": 5,
      "111": 5,
      "112": 5,
      "113": 5,
      "114": 5,
      "115": 5,
      "116": 5,
      "117": 5,
      "118": 5,
      "119": 5,
      "120": 5,
      "121": 5,
      "122": 5,
      "123": 5,
      "124": 5,
      "125": 5,
      "126": 5,
      "127": 5,
      "128": 5,
      "130": 5,
      "131": 5,
      "132": 5,
      "133": 5,
      "134": 5,
      "135": 5,
      "136": 5,
      "137": 5,
      "138": 5,
      "139": 5,
      "140": 5,
      "141": 5,
      "143": 5,
      "145": 1
    },
    "branchMap": {
      "0": {
        "type": "branch",
        "line": 17,
        "loc": { "start": { "line": 17, "column": 21 }, "end": { "line": 144, "column": 2 } },
        "locations": [
          { "start": { "line": 17, "column": 21 }, "end": { "line": 144, "column": 2 } }
        ]
      },
      "1": {
        "type": "branch",
        "line": 20,
        "loc": { "start": { "line": 20, "column": 12 }, "end": { "line": 24, "column": 5 } },
        "locations": [{ "start": { "line": 20, "column": 12 }, "end": { "line": 24, "column": 5 } }]
      },
      "2": {
        "type": "branch",
        "line": 53,
        "loc": { "start": { "line": 53, "column": 29 }, "end": { "line": 64, "column": 20 } },
        "locations": [
          { "start": { "line": 53, "column": 29 }, "end": { "line": 64, "column": 20 } }
        ]
      }
    },
    "b": { "0": [5], "1": [4], "2": [24] },
    "fnMap": {
      "0": {
        "name": "RightSidebar",
        "decl": { "start": { "line": 17, "column": 21 }, "end": { "line": 144, "column": 2 } },
        "loc": { "start": { "line": 17, "column": 21 }, "end": { "line": 144, "column": 2 } },
        "line": 17
      }
    },
    "f": { "0": 5 }
  },
  "C:\\Users\\user\\Desktop\\WEB PRO\\Application Tasks\\academic-bridge-react-technical-assignment\\src\\Components\\SentMessage.tsx": {
    "path": "C:\\Users\\user\\Desktop\\WEB PRO\\Application Tasks\\academic-bridge-react-technical-assignment\\src\\Components\\SentMessage.tsx",
    "all": false,
    "statementMap": {
      "0": { "start": { "line": 1, "column": 0 }, "end": { "line": 1, "column": 26 } },
      "1": { "start": { "line": 2, "column": 0 }, "end": { "line": 2, "column": 40 } },
      "10": { "start": { "line": 11, "column": 0 }, "end": { "line": 11, "column": 22 } },
      "11": { "start": { "line": 12, "column": 0 }, "end": { "line": 12, "column": 15 } },
      "12": { "start": { "line": 13, "column": 0 }, "end": { "line": 13, "column": 7 } },
      "13": { "start": { "line": 14, "column": 0 }, "end": { "line": 14, "column": 7 } },
      "14": { "start": { "line": 15, "column": 0 }, "end": { "line": 15, "column": 10 } },
      "15": { "start": { "line": 16, "column": 0 }, "end": { "line": 16, "column": 27 } },
      "16": { "start": { "line": 17, "column": 0 }, "end": { "line": 17, "column": 10 } },
      "17": { "start": { "line": 18, "column": 0 }, "end": { "line": 18, "column": 51 } },
      "18": { "start": { "line": 19, "column": 0 }, "end": { "line": 19, "column": 43 } },
      "19": { "start": { "line": 20, "column": 0 }, "end": { "line": 20, "column": 48 } },
      "20": { "start": { "line": 21, "column": 0 }, "end": { "line": 21, "column": 76 } },
      "21": { "start": { "line": 22, "column": 0 }, "end": { "line": 22, "column": 64 } },
      "22": { "start": { "line": 23, "column": 0 }, "end": { "line": 23, "column": 14 } },
      "23": { "start": { "line": 24, "column": 0 }, "end": { "line": 24, "column": 141 } },
      "24": { "start": { "line": 25, "column": 0 }, "end": { "line": 25, "column": 50 } },
      "25": { "start": { "line": 26, "column": 0 }, "end": { "line": 26, "column": 14 } },
      "26": { "start": { "line": 27, "column": 0 }, "end": { "line": 27, "column": 12 } },
      "27": { "start": { "line": 28, "column": 0 }, "end": { "line": 28, "column": 11 } },
      "28": { "start": { "line": 29, "column": 0 }, "end": { "line": 29, "column": 45 } },
      "29": { "start": { "line": 30, "column": 0 }, "end": { "line": 30, "column": 12 } },
      "30": { "start": { "line": 31, "column": 0 }, "end": { "line": 31, "column": 10 } },
      "32": { "start": { "line": 33, "column": 0 }, "end": { "line": 33, "column": 2 } },
      "34": { "start": { "line": 35, "column": 0 }, "end": { "line": 35, "column": 27 } }
    },
    "s": {
      "0": 1,
      "1": 1,
      "10": 1,
      "11": 11,
      "12": 11,
      "13": 11,
      "14": 11,
      "15": 11,
      "16": 11,
      "17": 11,
      "18": 11,
      "19": 11,
      "20": 11,
      "21": 11,
      "22": 11,
      "23": 11,
      "24": 11,
      "25": 11,
      "26": 11,
      "27": 11,
      "28": 11,
      "29": 11,
      "30": 11,
      "32": 11,
      "34": 1
    },
    "branchMap": {
      "0": {
        "type": "branch",
        "line": 11,
        "loc": { "start": { "line": 11, "column": 20 }, "end": { "line": 33, "column": 2 } },
        "locations": [{ "start": { "line": 11, "column": 20 }, "end": { "line": 33, "column": 2 } }]
      }
    },
    "b": { "0": [11] },
    "fnMap": {
      "0": {
        "name": "SentMessage",
        "decl": { "start": { "line": 11, "column": 20 }, "end": { "line": 33, "column": 2 } },
        "loc": { "start": { "line": 11, "column": 20 }, "end": { "line": 33, "column": 2 } },
        "line": 11
      }
    },
    "f": { "0": 11 }
  },
  "C:\\Users\\user\\Desktop\\WEB PRO\\Application Tasks\\academic-bridge-react-technical-assignment\\src\\Components\\SideNavLink.tsx": {
    "path": "C:\\Users\\user\\Desktop\\WEB PRO\\Application Tasks\\academic-bridge-react-technical-assignment\\src\\Components\\SideNavLink.tsx",
    "all": true,
    "statementMap": {
      "0": { "start": { "line": 1, "column": 0 }, "end": { "line": 1, "column": 53 } },
      "1": { "start": { "line": 2, "column": 0 }, "end": { "line": 2, "column": 43 } },
      "2": { "start": { "line": 3, "column": 0 }, "end": { "line": 3, "column": 0 } },
      "3": { "start": { "line": 4, "column": 0 }, "end": { "line": 4, "column": 17 } },
      "4": { "start": { "line": 5, "column": 0 }, "end": { "line": 5, "column": 13 } },
      "5": { "start": { "line": 6, "column": 0 }, "end": { "line": 6, "column": 16 } },
      "6": { "start": { "line": 7, "column": 0 }, "end": { "line": 7, "column": 22 } },
      "7": { "start": { "line": 8, "column": 0 }, "end": { "line": 8, "column": 22 } },
      "8": { "start": { "line": 9, "column": 0 }, "end": { "line": 9, "column": 21 } },
      "9": { "start": { "line": 10, "column": 0 }, "end": { "line": 10, "column": 49 } },
      "10": { "start": { "line": 11, "column": 0 }, "end": { "line": 11, "column": 1 } },
      "11": { "start": { "line": 12, "column": 0 }, "end": { "line": 12, "column": 0 } },
      "12": { "start": { "line": 13, "column": 0 }, "end": { "line": 13, "column": 37 } },
      "13": { "start": { "line": 14, "column": 0 }, "end": { "line": 14, "column": 5 } },
      "14": { "start": { "line": 15, "column": 0 }, "end": { "line": 15, "column": 7 } },
      "15": { "start": { "line": 16, "column": 0 }, "end": { "line": 16, "column": 10 } },
      "16": { "start": { "line": 17, "column": 0 }, "end": { "line": 17, "column": 11 } },
      "17": { "start": { "line": 18, "column": 0 }, "end": { "line": 18, "column": 17 } },
      "18": { "start": { "line": 19, "column": 0 }, "end": { "line": 19, "column": 10 } },
      "19": { "start": { "line": 20, "column": 0 }, "end": { "line": 20, "column": 11 } },
      "20": { "start": { "line": 21, "column": 0 }, "end": { "line": 21, "column": 10 } },
      "21": { "start": { "line": 22, "column": 0 }, "end": { "line": 22, "column": 8 } },
      "22": { "start": { "line": 23, "column": 0 }, "end": { "line": 23, "column": 77 } },
      "23": { "start": { "line": 24, "column": 0 }, "end": { "line": 24, "column": 16 } },
      "24": { "start": { "line": 25, "column": 0 }, "end": { "line": 25, "column": 5 } },
      "25": { "start": { "line": 26, "column": 0 }, "end": { "line": 26, "column": 14 } },
      "26": { "start": { "line": 27, "column": 0 }, "end": { "line": 27, "column": 25 } },
      "27": { "start": { "line": 28, "column": 0 }, "end": { "line": 28, "column": 15 } },
      "28": { "start": { "line": 29, "column": 0 }, "end": { "line": 29, "column": 31 } },
      "29": { "start": { "line": 30, "column": 0 }, "end": { "line": 30, "column": 75 } },
      "30": { "start": { "line": 31, "column": 0 }, "end": { "line": 31, "column": 28 } },
      "31": { "start": { "line": 32, "column": 0 }, "end": { "line": 32, "column": 159 } },
      "32": { "start": { "line": 33, "column": 0 }, "end": { "line": 33, "column": 18 } },
      "33": { "start": { "line": 34, "column": 0 }, "end": { "line": 34, "column": 12 } },
      "34": { "start": { "line": 35, "column": 0 }, "end": { "line": 35, "column": 9 } },
      "35": { "start": { "line": 36, "column": 0 }, "end": { "line": 36, "column": 7 } },
      "36": { "start": { "line": 37, "column": 0 }, "end": { "line": 37, "column": 83 } },
      "37": { "start": { "line": 38, "column": 0 }, "end": { "line": 38, "column": 83 } },
      "38": { "start": { "line": 39, "column": 0 }, "end": { "line": 39, "column": 16 } },
      "39": { "start": { "line": 40, "column": 0 }, "end": { "line": 40, "column": 10 } },
      "40": { "start": { "line": 41, "column": 0 }, "end": { "line": 41, "column": 4 } },
      "41": { "start": { "line": 42, "column": 0 }, "end": { "line": 42, "column": 1 } }
    },
    "s": {
      "0": 0,
      "1": 0,
      "2": 0,
      "3": 0,
      "4": 0,
      "5": 0,
      "6": 0,
      "7": 0,
      "8": 0,
      "9": 0,
      "10": 0,
      "11": 0,
      "12": 0,
      "13": 0,
      "14": 0,
      "15": 0,
      "16": 0,
      "17": 0,
      "18": 0,
      "19": 0,
      "20": 0,
      "21": 0,
      "22": 0,
      "23": 0,
      "24": 0,
      "25": 0,
      "26": 0,
      "27": 0,
      "28": 0,
      "29": 0,
      "30": 0,
      "31": 0,
      "32": 0,
      "33": 0,
      "34": 0,
      "35": 0,
      "36": 0,
      "37": 0,
      "38": 0,
      "39": 0,
      "40": 0,
      "41": 0
    },
    "branchMap": {
      "0": {
        "type": "branch",
        "line": 1,
        "loc": { "start": { "line": 1, "column": 0 }, "end": { "line": 42, "column": 1 } },
        "locations": [{ "start": { "line": 1, "column": 0 }, "end": { "line": 42, "column": 1 } }]
      }
    },
    "b": { "0": [0] },
    "fnMap": {
      "0": {
        "name": "(empty-report)",
        "decl": { "start": { "line": 1, "column": 0 }, "end": { "line": 42, "column": 1 } },
        "loc": { "start": { "line": 1, "column": 0 }, "end": { "line": 42, "column": 1 } },
        "line": 1
      }
    },
    "f": { "0": 0 }
  },
  "C:\\Users\\user\\Desktop\\WEB PRO\\Application Tasks\\academic-bridge-react-technical-assignment\\src\\Components\\Sidebar.tsx": {
    "path": "C:\\Users\\user\\Desktop\\WEB PRO\\Application Tasks\\academic-bridge-react-technical-assignment\\src\\Components\\Sidebar.tsx",
    "all": true,
    "statementMap": {
      "0": { "start": { "line": 1, "column": 0 }, "end": { "line": 1, "column": 8 } },
      "1": { "start": { "line": 2, "column": 0 }, "end": { "line": 2, "column": 11 } },
      "2": { "start": { "line": 3, "column": 0 }, "end": { "line": 3, "column": 14 } },
      "3": { "start": { "line": 4, "column": 0 }, "end": { "line": 4, "column": 8 } },
      "4": { "start": { "line": 5, "column": 0 }, "end": { "line": 5, "column": 7 } },
      "5": { "start": { "line": 6, "column": 0 }, "end": { "line": 6, "column": 7 } },
      "6": { "start": { "line": 7, "column": 0 }, "end": { "line": 7, "column": 11 } },
      "7": { "start": { "line": 8, "column": 0 }, "end": { "line": 8, "column": 16 } },
      "8": { "start": { "line": 9, "column": 0 }, "end": { "line": 9, "column": 7 } },
      "9": { "start": { "line": 10, "column": 0 }, "end": { "line": 10, "column": 22 } },
      "10": { "start": { "line": 11, "column": 0 }, "end": { "line": 11, "column": 44 } },
      "11": { "start": { "line": 12, "column": 0 }, "end": { "line": 12, "column": 44 } },
      "12": { "start": { "line": 13, "column": 0 }, "end": { "line": 13, "column": 44 } },
      "13": { "start": { "line": 14, "column": 0 }, "end": { "line": 14, "column": 26 } },
      "14": { "start": { "line": 15, "column": 0 }, "end": { "line": 15, "column": 65 } },
      "15": { "start": { "line": 16, "column": 0 }, "end": { "line": 16, "column": 40 } },
      "16": { "start": { "line": 17, "column": 0 }, "end": { "line": 17, "column": 40 } },
      "17": { "start": { "line": 18, "column": 0 }, "end": { "line": 18, "column": 62 } },
      "18": { "start": { "line": 19, "column": 0 }, "end": { "line": 19, "column": 42 } },
      "19": { "start": { "line": 20, "column": 0 }, "end": { "line": 20, "column": 40 } },
      "20": { "start": { "line": 21, "column": 0 }, "end": { "line": 21, "column": 0 } },
      "21": { "start": { "line": 22, "column": 0 }, "end": { "line": 22, "column": 23 } },
      "22": { "start": { "line": 23, "column": 0 }, "end": { "line": 23, "column": 33 } },
      "23": { "start": { "line": 24, "column": 0 }, "end": { "line": 24, "column": 36 } },
      "24": { "start": { "line": 25, "column": 0 }, "end": { "line": 25, "column": 36 } },
      "25": { "start": { "line": 26, "column": 0 }, "end": { "line": 26, "column": 4 } },
      "26": { "start": { "line": 27, "column": 0 }, "end": { "line": 27, "column": 10 } },
      "27": { "start": { "line": 28, "column": 0 }, "end": { "line": 28, "column": 159 } },
      "28": { "start": { "line": 29, "column": 0 }, "end": { "line": 29, "column": 31 } },
      "29": { "start": { "line": 30, "column": 0 }, "end": { "line": 30, "column": 100 } },
      "30": { "start": { "line": 31, "column": 0 }, "end": { "line": 31, "column": 61 } },
      "31": { "start": { "line": 32, "column": 0 }, "end": { "line": 32, "column": 16 } },
      "32": { "start": { "line": 33, "column": 0 }, "end": { "line": 33, "column": 64 } },
      "33": { "start": { "line": 34, "column": 0 }, "end": { "line": 34, "column": 29 } },
      "34": { "start": { "line": 35, "column": 0 }, "end": { "line": 35, "column": 12 } },
      "35": { "start": { "line": 36, "column": 0 }, "end": { "line": 36, "column": 22 } },
      "36": { "start": { "line": 37, "column": 0 }, "end": { "line": 37, "column": 65 } },
      "37": { "start": { "line": 38, "column": 0 }, "end": { "line": 38, "column": 36 } },
      "38": { "start": { "line": 39, "column": 0 }, "end": { "line": 39, "column": 17 } },
      "39": { "start": { "line": 40, "column": 0 }, "end": { "line": 40, "column": 66 } },
      "40": { "start": { "line": 41, "column": 0 }, "end": { "line": 41, "column": 31 } },
      "41": { "start": { "line": 42, "column": 0 }, "end": { "line": 42, "column": 14 } },
      "42": { "start": { "line": 43, "column": 0 }, "end": { "line": 43, "column": 99 } },
      "43": { "start": { "line": 44, "column": 0 }, "end": { "line": 44, "column": 16 } },
      "44": { "start": { "line": 45, "column": 0 }, "end": { "line": 45, "column": 22 } },
      "45": { "start": { "line": 46, "column": 0 }, "end": { "line": 46, "column": 62 } },
      "46": { "start": { "line": 47, "column": 0 }, "end": { "line": 47, "column": 19 } },
      "47": { "start": { "line": 48, "column": 0 }, "end": { "line": 48, "column": 64 } },
      "48": { "start": { "line": 49, "column": 0 }, "end": { "line": 49, "column": 29 } },
      "49": { "start": { "line": 50, "column": 0 }, "end": { "line": 50, "column": 12 } },
      "50": { "start": { "line": 51, "column": 0 }, "end": { "line": 51, "column": 22 } },
      "51": { "start": { "line": 52, "column": 0 }, "end": { "line": 52, "column": 57 } },
      "52": { "start": { "line": 53, "column": 0 }, "end": { "line": 53, "column": 22 } },
      "53": { "start": { "line": 54, "column": 0 }, "end": { "line": 54, "column": 64 } },
      "54": { "start": { "line": 55, "column": 0 }, "end": { "line": 55, "column": 29 } },
      "55": { "start": { "line": 56, "column": 0 }, "end": { "line": 56, "column": 12 } },
      "56": { "start": { "line": 57, "column": 0 }, "end": { "line": 57, "column": 22 } },
      "57": { "start": { "line": 58, "column": 0 }, "end": { "line": 58, "column": 68 } },
      "58": { "start": { "line": 59, "column": 0 }, "end": { "line": 59, "column": 24 } },
      "59": { "start": { "line": 60, "column": 0 }, "end": { "line": 60, "column": 64 } },
      "60": { "start": { "line": 61, "column": 0 }, "end": { "line": 61, "column": 29 } },
      "61": { "start": { "line": 62, "column": 0 }, "end": { "line": 62, "column": 12 } },
      "62": { "start": { "line": 63, "column": 0 }, "end": { "line": 63, "column": 22 } },
      "63": { "start": { "line": 64, "column": 0 }, "end": { "line": 64, "column": 12 } },
      "64": { "start": { "line": 65, "column": 0 }, "end": { "line": 65, "column": 104 } },
      "65": { "start": { "line": 66, "column": 0 }, "end": { "line": 66, "column": 54 } },
      "66": { "start": { "line": 67, "column": 0 }, "end": { "line": 67, "column": 54 } },
      "67": { "start": { "line": 68, "column": 0 }, "end": { "line": 68, "column": 40 } },
      "68": { "start": { "line": 69, "column": 0 }, "end": { "line": 69, "column": 148 } },
      "69": { "start": { "line": 70, "column": 0 }, "end": { "line": 70, "column": 15 } },
      "70": { "start": { "line": 71, "column": 0 }, "end": { "line": 71, "column": 64 } },
      "71": { "start": { "line": 72, "column": 0 }, "end": { "line": 72, "column": 29 } },
      "72": { "start": { "line": 73, "column": 0 }, "end": { "line": 73, "column": 12 } },
      "73": { "start": { "line": 74, "column": 0 }, "end": { "line": 74, "column": 14 } },
      "74": { "start": { "line": 75, "column": 0 }, "end": { "line": 75, "column": 12 } },
      "75": { "start": { "line": 76, "column": 0 }, "end": { "line": 76, "column": 91 } },
      "76": { "start": { "line": 77, "column": 0 }, "end": { "line": 77, "column": 65 } },
      "77": { "start": { "line": 78, "column": 0 }, "end": { "line": 78, "column": 19 } },
      "78": { "start": { "line": 79, "column": 0 }, "end": { "line": 79, "column": 64 } },
      "79": { "start": { "line": 80, "column": 0 }, "end": { "line": 80, "column": 27 } },
      "80": { "start": { "line": 81, "column": 0 }, "end": { "line": 81, "column": 12 } },
      "81": { "start": { "line": 82, "column": 0 }, "end": { "line": 82, "column": 22 } },
      "82": { "start": { "line": 83, "column": 0 }, "end": { "line": 83, "column": 64 } },
      "83": { "start": { "line": 84, "column": 0 }, "end": { "line": 84, "column": 15 } },
      "84": { "start": { "line": 85, "column": 0 }, "end": { "line": 85, "column": 64 } },
      "85": { "start": { "line": 86, "column": 0 }, "end": { "line": 86, "column": 27 } },
      "86": { "start": { "line": 87, "column": 0 }, "end": { "line": 87, "column": 12 } },
      "87": { "start": { "line": 88, "column": 0 }, "end": { "line": 88, "column": 22 } },
      "88": { "start": { "line": 89, "column": 0 }, "end": { "line": 89, "column": 12 } },
      "89": { "start": { "line": 90, "column": 0 }, "end": { "line": 90, "column": 10 } },
      "90": { "start": { "line": 91, "column": 0 }, "end": { "line": 91, "column": 4 } },
      "91": { "start": { "line": 92, "column": 0 }, "end": { "line": 92, "column": 2 } },
      "92": { "start": { "line": 93, "column": 0 }, "end": { "line": 93, "column": 0 } },
      "93": { "start": { "line": 94, "column": 0 }, "end": { "line": 94, "column": 23 } }
    },
    "s": {
      "0": 0,
      "1": 0,
      "2": 0,
      "3": 0,
      "4": 0,
      "5": 0,
      "6": 0,
      "7": 0,
      "8": 0,
      "9": 0,
      "10": 0,
      "11": 0,
      "12": 0,
      "13": 0,
      "14": 0,
      "15": 0,
      "16": 0,
      "17": 0,
      "18": 0,
      "19": 0,
      "20": 0,
      "21": 0,
      "22": 0,
      "23": 0,
      "24": 0,
      "25": 0,
      "26": 0,
      "27": 0,
      "28": 0,
      "29": 0,
      "30": 0,
      "31": 0,
      "32": 0,
      "33": 0,
      "34": 0,
      "35": 0,
      "36": 0,
      "37": 0,
      "38": 0,
      "39": 0,
      "40": 0,
      "41": 0,
      "42": 0,
      "43": 0,
      "44": 0,
      "45": 0,
      "46": 0,
      "47": 0,
      "48": 0,
      "49": 0,
      "50": 0,
      "51": 0,
      "52": 0,
      "53": 0,
      "54": 0,
      "55": 0,
      "56": 0,
      "57": 0,
      "58": 0,
      "59": 0,
      "60": 0,
      "61": 0,
      "62": 0,
      "63": 0,
      "64": 0,
      "65": 0,
      "66": 0,
      "67": 0,
      "68": 0,
      "69": 0,
      "70": 0,
      "71": 0,
      "72": 0,
      "73": 0,
      "74": 0,
      "75": 0,
      "76": 0,
      "77": 0,
      "78": 0,
      "79": 0,
      "80": 0,
      "81": 0,
      "82": 0,
      "83": 0,
      "84": 0,
      "85": 0,
      "86": 0,
      "87": 0,
      "88": 0,
      "89": 0,
      "90": 0,
      "91": 0,
      "92": 0,
      "93": 0
    },
    "branchMap": {
      "0": {
        "type": "branch",
        "line": 1,
        "loc": { "start": { "line": 1, "column": 0 }, "end": { "line": 94, "column": 23 } },
        "locations": [{ "start": { "line": 1, "column": 0 }, "end": { "line": 94, "column": 23 } }]
      }
    },
    "b": { "0": [0] },
    "fnMap": {
      "0": {
        "name": "(empty-report)",
        "decl": { "start": { "line": 1, "column": 0 }, "end": { "line": 94, "column": 23 } },
        "loc": { "start": { "line": 1, "column": 0 }, "end": { "line": 94, "column": 23 } },
        "line": 1
      }
    },
    "f": { "0": 0 }
  },
  "C:\\Users\\user\\Desktop\\WEB PRO\\Application Tasks\\academic-bridge-react-technical-assignment\\src\\Components\\SingleTask.tsx": {
    "path": "C:\\Users\\user\\Desktop\\WEB PRO\\Application Tasks\\academic-bridge-react-technical-assignment\\src\\Components\\SingleTask.tsx",
    "all": false,
    "statementMap": {
      "0": { "start": { "line": 1, "column": 0 }, "end": { "line": 1, "column": 59 } },
      "1": { "start": { "line": 2, "column": 0 }, "end": { "line": 2, "column": 75 } },
      "2": { "start": { "line": 3, "column": 0 }, "end": { "line": 3, "column": 43 } },
      "3": { "start": { "line": 4, "column": 0 }, "end": { "line": 4, "column": 44 } },
      "4": { "start": { "line": 5, "column": 0 }, "end": { "line": 5, "column": 44 } },
      "5": { "start": { "line": 6, "column": 0 }, "end": { "line": 6, "column": 44 } },
      "6": { "start": { "line": 7, "column": 0 }, "end": { "line": 7, "column": 62 } },
      "7": { "start": { "line": 8, "column": 0 }, "end": { "line": 8, "column": 34 } },
      "8": { "start": { "line": 9, "column": 0 }, "end": { "line": 9, "column": 40 } },
      "9": { "start": { "line": 10, "column": 0 }, "end": { "line": 10, "column": 57 } },
      "10": { "start": { "line": 11, "column": 0 }, "end": { "line": 11, "column": 55 } },
      "13": { "start": { "line": 14, "column": 0 }, "end": { "line": 14, "column": 48 } },
      "23": { "start": { "line": 24, "column": 0 }, "end": { "line": 24, "column": 74 } },
      "24": { "start": { "line": 25, "column": 0 }, "end": { "line": 25, "column": 66 } },
      "25": { "start": { "line": 26, "column": 0 }, "end": { "line": 26, "column": 33 } },
      "26": { "start": { "line": 27, "column": 0 }, "end": { "line": 27, "column": 50 } },
      "27": { "start": { "line": 28, "column": 0 }, "end": { "line": 28, "column": 52 } },
      "28": { "start": { "line": 29, "column": 0 }, "end": { "line": 29, "column": 54 } },
      "30": { "start": { "line": 31, "column": 0 }, "end": { "line": 31, "column": 19 } },
      "31": { "start": { "line": 32, "column": 0 }, "end": { "line": 32, "column": 55 } },
      "32": { "start": { "line": 33, "column": 0 }, "end": { "line": 33, "column": 79 } },
      "33": { "start": { "line": 34, "column": 0 }, "end": { "line": 34, "column": 27 } },
      "34": { "start": { "line": 35, "column": 0 }, "end": { "line": 35, "column": 7 } },
      "35": { "start": { "line": 36, "column": 0 }, "end": { "line": 36, "column": 6 } },
      "36": { "start": { "line": 37, "column": 0 }, "end": { "line": 37, "column": 63 } },
      "37": { "start": { "line": 38, "column": 0 }, "end": { "line": 38, "column": 18 } },
      "38": { "start": { "line": 39, "column": 0 }, "end": { "line": 39, "column": 68 } },
      "39": { "start": { "line": 40, "column": 0 }, "end": { "line": 40, "column": 6 } },
      "40": { "start": { "line": 41, "column": 0 }, "end": { "line": 41, "column": 9 } },
      "42": { "start": { "line": 43, "column": 0 }, "end": { "line": 43, "column": 32 } },
      "43": { "start": { "line": 44, "column": 0 }, "end": { "line": 44, "column": 23 } },
      "44": { "start": { "line": 45, "column": 0 }, "end": { "line": 45, "column": 4 } },
      "46": { "start": { "line": 47, "column": 0 }, "end": { "line": 47, "column": 37 } },
      "47": { "start": { "line": 48, "column": 0 }, "end": { "line": 48, "column": 24 } },
      "48": { "start": { "line": 49, "column": 0 }, "end": { "line": 49, "column": 4 } },
      "50": { "start": { "line": 51, "column": 0 }, "end": { "line": 51, "column": 53 } },
      "51": { "start": { "line": 52, "column": 0 }, "end": { "line": 52, "column": 63 } },
      "52": { "start": { "line": 53, "column": 0 }, "end": { "line": 53, "column": 37 } },
      "53": { "start": { "line": 54, "column": 0 }, "end": { "line": 54, "column": 49 } },
      "54": { "start": { "line": 55, "column": 0 }, "end": { "line": 55, "column": 4 } },
      "56": { "start": { "line": 57, "column": 0 }, "end": { "line": 57, "column": 10 } },
      "57": { "start": { "line": 58, "column": 0 }, "end": { "line": 58, "column": 107 } },
      "58": { "start": { "line": 59, "column": 0 }, "end": { "line": 59, "column": 44 } },
      "59": { "start": { "line": 60, "column": 0 }, "end": { "line": 60, "column": 12 } },
      "60": { "start": { "line": 61, "column": 0 }, "end": { "line": 61, "column": 24 } },
      "61": { "start": { "line": 62, "column": 0 }, "end": { "line": 62, "column": 21 } },
      "62": { "start": { "line": 63, "column": 0 }, "end": { "line": 63, "column": 50 } },
      "63": { "start": { "line": 64, "column": 0 }, "end": { "line": 64, "column": 22 } },
      "64": { "start": { "line": 65, "column": 0 }, "end": { "line": 65, "column": 40 } },
      "65": { "start": { "line": 66, "column": 0 }, "end": { "line": 66, "column": 52 } },
      "66": { "start": { "line": 67, "column": 0 }, "end": { "line": 67, "column": 67 } },
      "68": { "start": { "line": 69, "column": 0 }, "end": { "line": 69, "column": 70 } },
      "69": { "start": { "line": 70, "column": 0 }, "end": { "line": 70, "column": 14 } },
      "70": { "start": { "line": 71, "column": 0 }, "end": { "line": 71, "column": 34 } },
      "71": { "start": { "line": 72, "column": 0 }, "end": { "line": 72, "column": 27 } },
      "72": { "start": { "line": 73, "column": 0 }, "end": { "line": 73, "column": 39 } },
      "73": { "start": { "line": 74, "column": 0 }, "end": { "line": 74, "column": 56 } },
      "74": { "start": { "line": 75, "column": 0 }, "end": { "line": 75, "column": 47 } },
      "75": { "start": { "line": 76, "column": 0 }, "end": { "line": 76, "column": 12 } },
      "76": { "start": { "line": 77, "column": 0 }, "end": { "line": 77, "column": 24 } },
      "77": { "start": { "line": 78, "column": 0 }, "end": { "line": 78, "column": 16 } },
      "78": { "start": { "line": 79, "column": 0 }, "end": { "line": 79, "column": 27 } },
      "79": { "start": { "line": 80, "column": 0 }, "end": { "line": 80, "column": 150 } },
      "81": { "start": { "line": 82, "column": 0 }, "end": { "line": 82, "column": 18 } },
      "82": { "start": { "line": 83, "column": 0 }, "end": { "line": 83, "column": 48 } },
      "83": { "start": { "line": 84, "column": 0 }, "end": { "line": 84, "column": 66 } },
      "85": { "start": { "line": 86, "column": 0 }, "end": { "line": 86, "column": 64 } },
      "86": { "start": { "line": 87, "column": 0 }, "end": { "line": 87, "column": 27 } },
      "87": { "start": { "line": 88, "column": 0 }, "end": { "line": 88, "column": 20 } },
      "88": { "start": { "line": 89, "column": 0 }, "end": { "line": 89, "column": 33 } },
      "89": { "start": { "line": 90, "column": 0 }, "end": { "line": 90, "column": 25 } },
      "90": { "start": { "line": 91, "column": 0 }, "end": { "line": 91, "column": 115 } },
      "91": { "start": { "line": 92, "column": 0 }, "end": { "line": 92, "column": 79 } },
      "92": { "start": { "line": 93, "column": 0 }, "end": { "line": 93, "column": 77 } },
      "94": { "start": { "line": 95, "column": 0 }, "end": { "line": 95, "column": 24 } },
      "95": { "start": { "line": 96, "column": 0 }, "end": { "line": 96, "column": 24 } },
      "97": { "start": { "line": 98, "column": 0 }, "end": { "line": 98, "column": 52 } },
      "98": { "start": { "line": 99, "column": 0 }, "end": { "line": 99, "column": 57 } },
      "99": { "start": { "line": 100, "column": 0 }, "end": { "line": 100, "column": 33 } },
      "100": { "start": { "line": 101, "column": 0 }, "end": { "line": 101, "column": 39 } },
      "101": { "start": { "line": 102, "column": 0 }, "end": { "line": 102, "column": 18 } },
      "102": { "start": { "line": 103, "column": 0 }, "end": { "line": 103, "column": 16 } },
      "103": { "start": { "line": 104, "column": 0 }, "end": { "line": 104, "column": 18 } },
      "105": { "start": { "line": 106, "column": 0 }, "end": { "line": 106, "column": 14 } },
      "106": { "start": { "line": 107, "column": 0 }, "end": { "line": 107, "column": 12 } },
      "107": { "start": { "line": 108, "column": 0 }, "end": { "line": 108, "column": 48 } },
      "108": { "start": { "line": 109, "column": 0 }, "end": { "line": 109, "column": 59 } },
      "109": { "start": { "line": 110, "column": 0 }, "end": { "line": 110, "column": 67 } },
      "110": { "start": { "line": 111, "column": 0 }, "end": { "line": 111, "column": 12 } },
      "111": { "start": { "line": 112, "column": 0 }, "end": { "line": 112, "column": 133 } },
      "112": { "start": { "line": 113, "column": 0 }, "end": { "line": 113, "column": 12 } },
      "113": { "start": { "line": 114, "column": 0 }, "end": { "line": 114, "column": 51 } },
      "114": { "start": { "line": 115, "column": 0 }, "end": { "line": 115, "column": 39 } },
      "116": { "start": { "line": 117, "column": 0 }, "end": { "line": 117, "column": 49 } },
      "117": { "start": { "line": 118, "column": 0 }, "end": { "line": 118, "column": 16 } },
      "118": { "start": { "line": 119, "column": 0 }, "end": { "line": 119, "column": 28 } },
      "119": { "start": { "line": 120, "column": 0 }, "end": { "line": 120, "column": 116 } },
      "120": { "start": { "line": 121, "column": 0 }, "end": { "line": 121, "column": 39 } },
      "122": { "start": { "line": 123, "column": 0 }, "end": { "line": 123, "column": 18 } },
      "123": { "start": { "line": 124, "column": 0 }, "end": { "line": 124, "column": 30 } },
      "124": { "start": { "line": 125, "column": 0 }, "end": { "line": 125, "column": 33 } },
      "125": { "start": { "line": 126, "column": 0 }, "end": { "line": 126, "column": 54 } },
      "126": { "start": { "line": 127, "column": 0 }, "end": { "line": 127, "column": 16 } },
      "127": { "start": { "line": 128, "column": 0 }, "end": { "line": 128, "column": 18 } },
      "128": { "start": { "line": 129, "column": 0 }, "end": { "line": 129, "column": 13 } },
      "129": { "start": { "line": 130, "column": 0 }, "end": { "line": 130, "column": 14 } },
      "130": { "start": { "line": 131, "column": 0 }, "end": { "line": 131, "column": 49 } },
      "131": { "start": { "line": 132, "column": 0 }, "end": { "line": 132, "column": 28 } },
      "132": { "start": { "line": 133, "column": 0 }, "end": { "line": 133, "column": 47 } },
      "133": { "start": { "line": 134, "column": 0 }, "end": { "line": 134, "column": 27 } },
      "134": { "start": { "line": 135, "column": 0 }, "end": { "line": 135, "column": 12 } },
      "135": { "start": { "line": 136, "column": 0 }, "end": { "line": 136, "column": 44 } },
      "136": { "start": { "line": 137, "column": 0 }, "end": { "line": 137, "column": 14 } },
      "137": { "start": { "line": 138, "column": 0 }, "end": { "line": 138, "column": 12 } },
      "138": { "start": { "line": 139, "column": 0 }, "end": { "line": 139, "column": 21 } },
      "139": { "start": { "line": 140, "column": 0 }, "end": { "line": 140, "column": 68 } },
      "141": { "start": { "line": 142, "column": 0 }, "end": { "line": 142, "column": 10 } },
      "143": { "start": { "line": 144, "column": 0 }, "end": { "line": 144, "column": 2 } },
      "145": { "start": { "line": 146, "column": 0 }, "end": { "line": 146, "column": 26 } }
    },
    "s": {
      "0": 1,
      "1": 1,
      "2": 1,
      "3": 1,
      "4": 1,
      "5": 1,
      "6": 1,
      "7": 1,
      "8": 1,
      "9": 1,
      "10": 1,
      "13": 1,
      "23": 1,
      "24": 12,
      "25": 12,
      "26": 12,
      "27": 12,
      "28": 12,
      "30": 12,
      "31": 5,
      "32": 1,
      "33": 1,
      "34": 1,
      "35": 1,
      "36": 5,
      "37": 5,
      "38": 5,
      "39": 5,
      "40": 12,
      "42": 12,
      "43": 1,
      "44": 1,
      "46": 12,
      "47": 0,
      "48": 0,
      "50": 12,
      "51": 1,
      "52": 1,
      "53": 1,
      "54": 1,
      "56": 12,
      "57": 12,
      "58": 12,
      "59": 12,
      "60": 12,
      "61": 12,
      "62": 0,
      "63": 12,
      "64": 10,
      "65": 2,
      "66": 12,
      "68": 12,
      "69": 12,
      "70": 12,
      "71": 12,
      "72": 12,
      "73": 12,
      "74": 12,
      "75": 12,
      "76": 12,
      "77": 5,
      "78": 5,
      "79": 5,
      "81": 5,
      "82": 5,
      "83": 5,
      "85": 5,
      "86": 5,
      "87": 5,
      "88": 5,
      "89": 5,
      "90": 5,
      "91": 5,
      "92": 5,
      "94": 5,
      "95": 5,
      "97": 5,
      "98": 5,
      "99": 5,
      "100": 1,
      "101": 1,
      "102": 5,
      "103": 5,
      "105": 12,
      "106": 12,
      "107": 12,
      "108": 12,
      "109": 12,
      "110": 12,
      "111": 12,
      "112": 12,
      "113": 12,
      "114": 12,
      "116": 12,
      "117": 36,
      "118": 36,
      "119": 36,
      "120": 36,
      "122": 36,
      "123": 36,
      "124": 36,
      "125": 36,
      "126": 36,
      "127": 36,
      "128": 12,
      "129": 12,
      "130": 12,
      "131": 12,
      "132": 12,
      "133": 12,
      "134": 12,
      "135": 12,
      "136": 12,
      "137": 12,
      "138": 12,
      "139": 1,
      "141": 12,
      "143": 12,
      "145": 1
    },
    "branchMap": {
      "0": {
        "type": "branch",
        "line": 24,
        "loc": { "start": { "line": 24, "column": 19 }, "end": { "line": 144, "column": 2 } },
        "locations": [
          { "start": { "line": 24, "column": 19 }, "end": { "line": 144, "column": 2 } }
        ]
      },
      "1": {
        "type": "branch",
        "line": 62,
        "loc": { "start": { "line": 62, "column": 12 }, "end": { "line": 63, "column": 50 } },
        "locations": [
          { "start": { "line": 62, "column": 12 }, "end": { "line": 63, "column": 50 } }
        ]
      },
      "2": {
        "type": "branch",
        "line": 64,
        "loc": { "start": { "line": 64, "column": 16 }, "end": { "line": 65, "column": 40 } },
        "locations": [
          { "start": { "line": 64, "column": 16 }, "end": { "line": 65, "column": 40 } }
        ]
      },
      "3": {
        "type": "branch",
        "line": 65,
        "loc": { "start": { "line": 65, "column": 16 }, "end": { "line": 66, "column": 52 } },
        "locations": [
          { "start": { "line": 65, "column": 16 }, "end": { "line": 66, "column": 52 } }
        ]
      },
      "4": {
        "type": "branch",
        "line": 69,
        "loc": { "start": { "line": 69, "column": 11 }, "end": { "line": 69, "column": 37 } },
        "locations": [
          { "start": { "line": 69, "column": 11 }, "end": { "line": 69, "column": 37 } }
        ]
      },
      "5": {
        "type": "branch",
        "line": 69,
        "loc": { "start": { "line": 69, "column": 37 }, "end": { "line": 69, "column": 56 } },
        "locations": [
          { "start": { "line": 69, "column": 37 }, "end": { "line": 69, "column": 56 } }
        ]
      },
      "6": {
        "type": "branch",
        "line": 69,
        "loc": { "start": { "line": 69, "column": 46 }, "end": { "line": 69, "column": 70 } },
        "locations": [
          { "start": { "line": 69, "column": 46 }, "end": { "line": 69, "column": 70 } }
        ]
      },
      "7": {
        "type": "branch",
        "line": 77,
        "loc": { "start": { "line": 77, "column": 11 }, "end": { "line": 104, "column": 18 } },
        "locations": [
          { "start": { "line": 77, "column": 11 }, "end": { "line": 104, "column": 18 } }
        ]
      },
      "8": {
        "type": "branch",
        "line": 139,
        "loc": { "start": { "line": 139, "column": 7 }, "end": { "line": 140, "column": 68 } },
        "locations": [
          { "start": { "line": 139, "column": 7 }, "end": { "line": 140, "column": 68 } }
        ]
      },
      "9": {
        "type": "branch",
        "line": 25,
        "loc": { "start": { "line": 25, "column": 32 }, "end": { "line": 25, "column": 64 } },
        "locations": [
          { "start": { "line": 25, "column": 32 }, "end": { "line": 25, "column": 64 } }
        ]
      },
      "10": {
        "type": "branch",
        "line": 31,
        "loc": { "start": { "line": 31, "column": 12 }, "end": { "line": 41, "column": 5 } },
        "locations": [{ "start": { "line": 31, "column": 12 }, "end": { "line": 41, "column": 5 } }]
      },
      "11": {
        "type": "branch",
        "line": 32,
        "loc": { "start": { "line": 32, "column": 31 }, "end": { "line": 36, "column": 6 } },
        "locations": [{ "start": { "line": 32, "column": 31 }, "end": { "line": 36, "column": 6 } }]
      },
      "12": {
        "type": "branch",
        "line": 38,
        "loc": { "start": { "line": 38, "column": 11 }, "end": { "line": 40, "column": 6 } },
        "locations": [{ "start": { "line": 38, "column": 11 }, "end": { "line": 40, "column": 6 } }]
      },
      "13": {
        "type": "branch",
        "line": 43,
        "loc": { "start": { "line": 43, "column": 25 }, "end": { "line": 45, "column": 4 } },
        "locations": [{ "start": { "line": 43, "column": 25 }, "end": { "line": 45, "column": 4 } }]
      },
      "14": {
        "type": "branch",
        "line": 51,
        "loc": { "start": { "line": 51, "column": 27 }, "end": { "line": 55, "column": 4 } },
        "locations": [{ "start": { "line": 51, "column": 27 }, "end": { "line": 55, "column": 4 } }]
      },
      "15": {
        "type": "branch",
        "line": 74,
[...]
      "1": { "start": { "line": 2, "column": 0 }, "end": { "line": 2, "column": 76 } },
      "2": { "start": { "line": 3, "column": 0 }, "end": { "line": 3, "column": 36 } },
      "3": { "start": { "line": 4, "column": 0 }, "end": { "line": 4, "column": 39 } },
      "4": { "start": { "line": 5, "column": 0 }, "end": { "line": 5, "column": 46 } },
      "5": { "start": { "line": 6, "column": 0 }, "end": { "line": 6, "column": 73 } },
      "8": { "start": { "line": 9, "column": 0 }, "end": { "line": 9, "column": 37 } },
      "9": { "start": { "line": 10, "column": 0 }, "end": { "line": 10, "column": 38 } },
      "11": { "start": { "line": 12, "column": 0 }, "end": { "line": 12, "column": 34 } },
      "12": { "start": { "line": 13, "column": 0 }, "end": { "line": 13, "column": 48 } },
      "14": { "start": { "line": 15, "column": 0 }, "end": { "line": 15, "column": 20 } },
      "15": { "start": { "line": 16, "column": 0 }, "end": { "line": 16, "column": 29 } },
      "16": { "start": { "line": 17, "column": 0 }, "end": { "line": 17, "column": 26 } },
      "17": { "start": { "line": 18, "column": 0 }, "end": { "line": 18, "column": 7 } },
      "18": { "start": { "line": 19, "column": 0 }, "end": { "line": 19, "column": 23 } },
      "19": { "start": { "line": 20, "column": 0 }, "end": { "line": 20, "column": 5 } },
      "21": { "start": { "line": 22, "column": 0 }, "end": { "line": 22, "column": 61 } },
      "22": { "start": { "line": 23, "column": 0 }, "end": { "line": 23, "column": 11 } },
      "23": { "start": { "line": 24, "column": 0 }, "end": { "line": 24, "column": 36 } },
      "24": { "start": { "line": 25, "column": 0 }, "end": { "line": 25, "column": 50 } },
      "25": { "start": { "line": 26, "column": 0 }, "end": { "line": 26, "column": 21 } },
      "26": { "start": { "line": 27, "column": 0 }, "end": { "line": 27, "column": 30 } },
      "27": { "start": { "line": 28, "column": 0 }, "end": { "line": 28, "column": 17 } },
      "28": { "start": { "line": 29, "column": 0 }, "end": { "line": 29, "column": 6 } },
      "30": { "start": { "line": 31, "column": 0 }, "end": { "line": 31, "column": 48 } },
      "31": { "start": { "line": 32, "column": 0 }, "end": { "line": 32, "column": 34 } },
      "32": { "start": { "line": 33, "column": 0 }, "end": { "line": 33, "column": 62 } },
      "33": { "start": { "line": 34, "column": 0 }, "end": { "line": 34, "column": 58 } },
      "34": { "start": { "line": 35, "column": 0 }, "end": { "line": 35, "column": 64 } },
      "35": { "start": { "line": 36, "column": 0 }, "end": { "line": 36, "column": 62 } },
      "36": { "start": { "line": 37, "column": 0 }, "end": { "line": 37, "column": 5 } },
      "38": { "start": { "line": 39, "column": 0 }, "end": { "line": 39, "column": 88 } },
      "39": { "start": { "line": 40, "column": 0 }, "end": { "line": 40, "column": 34 } },
      "40": { "start": { "line": 41, "column": 0 }, "end": { "line": 41, "column": 55 } },
      "41": { "start": { "line": 42, "column": 0 }, "end": { "line": 42, "column": 35 } },
      "42": { "start": { "line": 43, "column": 0 }, "end": { "line": 43, "column": 63 } },
      "43": { "start": { "line": 44, "column": 0 }, "end": { "line": 44, "column": 52 } },
      "44": { "start": { "line": 45, "column": 0 }, "end": { "line": 45, "column": 45 } },
      "45": { "start": { "line": 46, "column": 0 }, "end": { "line": 46, "column": 34 } },
      "46": { "start": { "line": 47, "column": 0 }, "end": { "line": 47, "column": 69 } },
      "47": { "start": { "line": 48, "column": 0 }, "end": { "line": 48, "column": 5 } },
      "49": { "start": { "line": 50, "column": 0 }, "end": { "line": 50, "column": 63 } },
      "50": { "start": { "line": 51, "column": 0 }, "end": { "line": 51, "column": 34 } },
      "51": { "start": { "line": 52, "column": 0 }, "end": { "line": 52, "column": 66 } },
      "52": { "start": { "line": 53, "column": 0 }, "end": { "line": 53, "column": 5 } },
      "54": { "start": { "line": 55, "column": 0 }, "end": { "line": 55, "column": 70 } },
      "55": { "start": { "line": 56, "column": 0 }, "end": { "line": 56, "column": 11 } },
      "56": { "start": { "line": 57, "column": 0 }, "end": { "line": 57, "column": 15 } },
      "57": { "start": { "line": 58, "column": 0 }, "end": { "line": 58, "column": 26 } },
      "58": { "start": { "line": 59, "column": 0 }, "end": { "line": 59, "column": 17 } },
      "59": { "start": { "line": 60, "column": 0 }, "end": { "line": 60, "column": 20 } },
      "60": { "start": { "line": 61, "column": 0 }, "end": { "line": 61, "column": 75 } },
      "61": { "start": { "line": 62, "column": 0 }, "end": { "line": 62, "column": 14 } },
      "62": { "start": { "line": 63, "column": 0 }, "end": { "line": 63, "column": 12 } },
      "63": { "start": { "line": 64, "column": 0 }, "end": { "line": 64, "column": 11 } },
      "65": { "start": { "line": 66, "column": 0 }, "end": { "line": 66, "column": 50 } },
      "66": { "start": { "line": 67, "column": 0 }, "end": { "line": 67, "column": 18 } },
      "67": { "start": { "line": 68, "column": 0 }, "end": { "line": 68, "column": 30 } },
      "68": { "start": { "line": 69, "column": 0 }, "end": { "line": 69, "column": 17 } },
      "69": { "start": { "line": 70, "column": 0 }, "end": { "line": 70, "column": 6 } },
      "70": { "start": { "line": 71, "column": 0 }, "end": { "line": 71, "column": 59 } },
      "72": { "start": { "line": 73, "column": 0 }, "end": { "line": 73, "column": 56 } },
      "73": { "start": { "line": 74, "column": 0 }, "end": { "line": 74, "column": 66 } },
      "74": { "start": { "line": 75, "column": 0 }, "end": { "line": 75, "column": 32 } },
      "76": { "start": { "line": 77, "column": 0 }, "end": { "line": 77, "column": 18 } },
      "77": { "start": { "line": 78, "column": 0 }, "end": { "line": 78, "column": 13 } },
      "78": { "start": { "line": 79, "column": 0 }, "end": { "line": 79, "column": 15 } },
      "79": { "start": { "line": 80, "column": 0 }, "end": { "line": 80, "column": 55 } },
      "80": { "start": { "line": 81, "column": 0 }, "end": { "line": 81, "column": 30 } },
      "81": { "start": { "line": 82, "column": 0 }, "end": { "line": 82, "column": 8 } },
      "82": { "start": { "line": 83, "column": 0 }, "end": { "line": 83, "column": 23 } },
      "83": { "start": { "line": 84, "column": 0 }, "end": { "line": 84, "column": 6 } },
      "84": { "start": { "line": 85, "column": 0 }, "end": { "line": 85, "column": 37 } },
      "85": { "start": { "line": 86, "column": 0 }, "end": { "line": 86, "column": 18 } },
      "86": { "start": { "line": 87, "column": 0 }, "end": { "line": 87, "column": 13 } },
      "87": { "start": { "line": 88, "column": 0 }, "end": { "line": 88, "column": 15 } },
      "88": { "start": { "line": 89, "column": 0 }, "end": { "line": 89, "column": 60 } },
      "89": { "start": { "line": 90, "column": 0 }, "end": { "line": 90, "column": 30 } },
      "90": { "start": { "line": 91, "column": 0 }, "end": { "line": 91, "column": 8 } },
      "91": { "start": { "line": 92, "column": 0 }, "end": { "line": 92, "column": 23 } },
      "92": { "start": { "line": 93, "column": 0 }, "end": { "line": 93, "column": 6 } },
      "93": { "start": { "line": 94, "column": 0 }, "end": { "line": 94, "column": 5 } },
      "95": { "start": { "line": 96, "column": 0 }, "end": { "line": 96, "column": 62 } },
      "96": { "start": { "line": 97, "column": 0 }, "end": { "line": 97, "column": 11 } },
      "97": { "start": { "line": 98, "column": 0 }, "end": { "line": 98, "column": 15 } },
      "98": { "start": { "line": 99, "column": 0 }, "end": { "line": 99, "column": 26 } },
      "99": { "start": { "line": 100, "column": 0 }, "end": { "line": 100, "column": 17 } },
      "100": { "start": { "line": 101, "column": 0 }, "end": { "line": 101, "column": 22 } },
      "101": { "start": { "line": 102, "column": 0 }, "end": { "line": 102, "column": 12 } },
      "102": { "start": { "line": 103, "column": 0 }, "end": { "line": 103, "column": 11 } },
      "104": { "start": { "line": 105, "column": 0 }, "end": { "line": 105, "column": 50 } },
      "105": { "start": { "line": 106, "column": 0 }, "end": { "line": 106, "column": 18 } },
      "106": { "start": { "line": 107, "column": 0 }, "end": { "line": 107, "column": 30 } },
      "107": { "start": { "line": 108, "column": 0 }, "end": { "line": 108, "column": 17 } },
      "108": { "start": { "line": 109, "column": 0 }, "end": { "line": 109, "column": 6 } },
      "109": { "start": { "line": 110, "column": 0 }, "end": { "line": 110, "column": 18 } },
      "110": { "start": { "line": 111, "column": 0 }, "end": { "line": 111, "column": 13 } },
      "111": { "start": { "line": 112, "column": 0 }, "end": { "line": 112, "column": 77 } },
      "112": { "start": { "line": 113, "column": 0 }, "end": { "line": 113, "column": 8 } },
      "113": { "start": { "line": 114, "column": 0 }, "end": { "line": 114, "column": 23 } },
      "114": { "start": { "line": 115, "column": 0 }, "end": { "line": 115, "column": 6 } },
      "115": { "start": { "line": 116, "column": 0 }, "end": { "line": 116, "column": 5 } },
      "152": { "start": { "line": 153, "column": 0 }, "end": { "line": 153, "column": 3 } }
    },
    "s": {
      "0": 1,
      "1": 1,
      "2": 1,
      "3": 1,
      "4": 1,
      "5": 1,
      "8": 1,
      "9": 1,
      "11": 1,
      "12": 1,
      "14": 1,
      "15": 5,
      "16": 5,
      "17": 5,
      "18": 5,
      "19": 1,
      "21": 1,
      "22": 3,
      "23": 3,
      "24": 3,
      "25": 3,
      "26": 3,
      "27": 3,
      "28": 3,
      "30": 1,
      "31": 1,
      "32": 1,
      "33": 1,
      "34": 1,
      "35": 1,
      "36": 1,
      "38": 1,
      "39": 1,
      "40": 1,
      "41": 1,
      "42": 1,
      "43": 1,
      "44": 1,
      "45": 1,
      "46": 1,
      "47": 1,
      "49": 1,
      "50": 1,
      "51": 1,
      "52": 1,
      "54": 1,
      "55": 1,
      "56": 1,
      "57": 1,
      "58": 1,
      "59": 1,
      "60": 1,
      "61": 1,
      "62": 1,
      "63": 1,
      "65": 1,
      "66": 1,
      "67": 1,
      "68": 1,
      "69": 1,
      "70": 1,
      "72": 1,
      "73": 1,
      "74": 1,
      "76": 1,
      "77": 1,
      "78": 23,
      "79": 23,
      "80": 23,
      "81": 23,
      "82": 1,
      "83": 1,
      "84": 1,
      "85": 1,
      "86": 1,
      "87": 1,
      "88": 1,
      "89": 1,
      "90": 1,
      "91": 1,
      "92": 1,
      "93": 1,
      "95": 1,
      "96": 1,
      "97": 1,
      "98": 1,
      "99": 1,
      "100": 1,
      "101": 1,
      "102": 1,
      "104": 1,
      "105": 1,
      "106": 1,
      "107": 1,
      "108": 1,
      "109": 1,
      "110": 1,
      "111": 1,
      "112": 1,
      "113": 1,
      "114": 1,
      "115": 1,
      "152": 1
    },
    "branchMap": {
      "0": {
        "type": "branch",
        "line": 12,
        "loc": { "start": { "line": 12, "column": 27 }, "end": { "line": 153, "column": 3 } },
        "locations": [
          { "start": { "line": 12, "column": 27 }, "end": { "line": 153, "column": 3 } }
        ]
      },
      "1": {
        "type": "branch",
        "line": 15,
        "loc": { "start": { "line": 15, "column": 13 }, "end": { "line": 20, "column": 3 } },
        "locations": [{ "start": { "line": 15, "column": 13 }, "end": { "line": 20, "column": 3 } }]
      },
      "2": {
        "type": "branch",
        "line": 22,
        "loc": { "start": { "line": 22, "column": 30 }, "end": { "line": 29, "column": 6 } },
        "locations": [{ "start": { "line": 22, "column": 30 }, "end": { "line": 29, "column": 6 } }]
      },
      "3": {
        "type": "branch",
        "line": 31,
        "loc": { "start": { "line": 31, "column": 41 }, "end": { "line": 37, "column": 3 } },
        "locations": [{ "start": { "line": 31, "column": 41 }, "end": { "line": 37, "column": 3 } }]
      },
      "4": {
        "type": "branch",
        "line": 39,
        "loc": { "start": { "line": 39, "column": 81 }, "end": { "line": 48, "column": 3 } },
        "locations": [{ "start": { "line": 39, "column": 81 }, "end": { "line": 48, "column": 3 } }]
      },
      "5": {
        "type": "branch",
        "line": 50,
        "loc": { "start": { "line": 50, "column": 56 }, "end": { "line": 53, "column": 3 } },
        "locations": [{ "start": { "line": 50, "column": 56 }, "end": { "line": 53, "column": 3 } }]
      },
      "6": {
        "type": "branch",
        "line": 55,
        "loc": { "start": { "line": 55, "column": 57 }, "end": { "line": 94, "column": 3 } },
        "locations": [{ "start": { "line": 55, "column": 57 }, "end": { "line": 94, "column": 3 } }]
      },
      "7": {
        "type": "branch",
        "line": 78,
        "loc": { "start": { "line": 78, "column": 6 }, "end": { "line": 82, "column": 8 } },
        "locations": [{ "start": { "line": 78, "column": 6 }, "end": { "line": 82, "column": 8 } }]
      },
      "8": {
        "type": "branch",
        "line": 87,
        "loc": { "start": { "line": 87, "column": 6 }, "end": { "line": 91, "column": 8 } },
        "locations": [{ "start": { "line": 87, "column": 6 }, "end": { "line": 91, "column": 8 } }]
      },
      "9": {
        "type": "branch",
        "line": 96,
        "loc": { "start": { "line": 96, "column": 49 }, "end": { "line": 116, "column": 3 } },
        "locations": [
          { "start": { "line": 96, "column": 49 }, "end": { "line": 116, "column": 3 } }
        ]
      },
      "10": {
        "type": "branch",
        "line": 111,
        "loc": { "start": { "line": 111, "column": 6 }, "end": { "line": 113, "column": 8 } },
        "locations": [
          { "start": { "line": 111, "column": 6 }, "end": { "line": 113, "column": 8 } }
        ]
      }
    },
    "b": {
      "0": [1],
      "1": [5],
      "2": [3],
      "3": [1],
      "4": [1],
      "5": [1],
      "6": [1],
      "7": [23],
      "8": [1],
      "9": [1],
      "10": [1]
    },
    "fnMap": {
      "0": {
        "name": "renderWithProviders",
        "decl": { "start": { "line": 22, "column": 30 }, "end": { "line": 29, "column": 6 } },
        "loc": { "start": { "line": 22, "column": 30 }, "end": { "line": 29, "column": 6 } },
        "line": 22
      },
      "1": {
        "name": "__vite_ssr_import_1__.waitFor.timeout",
        "decl": { "start": { "line": 78, "column": 6 }, "end": { "line": 82, "column": 8 } },
        "loc": { "start": { "line": 78, "column": 6 }, "end": { "line": 82, "column": 8 } },
        "line": 78
      },
      "2": {
        "name": "__vite_ssr_import_1__.waitFor.timeout",
        "decl": { "start": { "line": 87, "column": 6 }, "end": { "line": 91, "column": 8 } },
        "loc": { "start": { "line": 87, "column": 6 }, "end": { "line": 91, "column": 8 } },
        "line": 87
      },
      "3": {
        "name": "__vite_ssr_import_1__.waitFor.timeout",
        "decl": { "start": { "line": 111, "column": 6 }, "end": { "line": 113, "column": 8 } },
        "loc": { "start": { "line": 111, "column": 6 }, "end": { "line": 113, "column": 8 } },
        "line": 111
      }
    },
    "f": { "0": 3, "1": 23, "2": 1, "3": 1 }
  },
  "C:\\Users\\user\\Desktop\\WEB PRO\\Application Tasks\\academic-bridge-react-technical-assignment\\src\\types\\popupTypes.ts": {
    "path": "C:\\Users\\user\\Desktop\\WEB PRO\\Application Tasks\\academic-bridge-react-technical-assignment\\src\\types\\popupTypes.ts",
    "all": true,
    "statementMap": {
      "0": { "start": { "line": 1, "column": 0 }, "end": { "line": 1, "column": 26 } },
      "1": { "start": { "line": 2, "column": 0 }, "end": { "line": 2, "column": 33 } },
      "2": { "start": { "line": 3, "column": 0 }, "end": { "line": 3, "column": 16 } },
      "3": { "start": { "line": 4, "column": 0 }, "end": { "line": 4, "column": 22 } },
      "4": { "start": { "line": 5, "column": 0 }, "end": { "line": 5, "column": 21 } },
      "5": { "start": { "line": 6, "column": 0 }, "end": { "line": 6, "column": 24 } },
      "6": { "start": { "line": 7, "column": 0 }, "end": { "line": 7, "column": 27 } },
      "7": { "start": { "line": 8, "column": 0 }, "end": { "line": 8, "column": 41 } },
      "8": { "start": { "line": 9, "column": 0 }, "end": { "line": 9, "column": 23 } },
      "9": { "start": { "line": 10, "column": 0 }, "end": { "line": 10, "column": 1 } },
      "10": { "start": { "line": 11, "column": 0 }, "end": { "line": 11, "column": 30 } },
      "11": { "start": { "line": 12, "column": 0 }, "end": { "line": 12, "column": 15 } },
      "12": { "start": { "line": 13, "column": 0 }, "end": { "line": 13, "column": 46 } },
      "13": { "start": { "line": 14, "column": 0 }, "end": { "line": 14, "column": 32 } },
      "14": { "start": { "line": 15, "column": 0 }, "end": { "line": 15, "column": 25 } },
      "15": { "start": { "line": 16, "column": 0 }, "end": { "line": 16, "column": 24 } },
      "16": { "start": { "line": 17, "column": 0 }, "end": { "line": 17, "column": 18 } },
      "17": { "start": { "line": 18, "column": 0 }, "end": { "line": 18, "column": 1 } },
      "18": { "start": { "line": 19, "column": 0 }, "end": { "line": 19, "column": 0 } },
      "19": { "start": { "line": 20, "column": 0 }, "end": { "line": 20, "column": 29 } },
      "20": { "start": { "line": 21, "column": 0 }, "end": { "line": 21, "column": 16 } },
      "21": { "start": { "line": 22, "column": 0 }, "end": { "line": 22, "column": 19 } },
      "22": { "start": { "line": 23, "column": 0 }, "end": { "line": 23, "column": 35 } },
      "23": { "start": { "line": 24, "column": 0 }, "end": { "line": 24, "column": 19 } },
      "24": { "start": { "line": 25, "column": 0 }, "end": { "line": 25, "column": 22 } },
      "25": { "start": { "line": 26, "column": 0 }, "end": { "line": 26, "column": 1 } },
      "26": { "start": { "line": 27, "column": 0 }, "end": { "line": 27, "column": 31 } },
      "27": { "start": { "line": 28, "column": 0 }, "end": { "line": 28, "column": 13 } },
      "28": { "start": { "line": 29, "column": 0 }, "end": { "line": 29, "column": 16 } },
      "29": { "start": { "line": 30, "column": 0 }, "end": { "line": 30, "column": 19 } },
      "30": { "start": { "line": 31, "column": 0 }, "end": { "line": 31, "column": 14 } },
      "31": { "start": { "line": 32, "column": 0 }, "end": { "line": 32, "column": 14 } },
      "32": { "start": { "line": 33, "column": 0 }, "end": { "line": 33, "column": 1 } },
      "33": { "start": { "line": 34, "column": 0 }, "end": { "line": 34, "column": 36 } },
      "34": { "start": { "line": 35, "column": 0 }, "end": { "line": 35, "column": 26 } },
      "35": { "start": { "line": 36, "column": 0 }, "end": { "line": 36, "column": 1 } }
    },
    "s": {
      "0": 0,
      "1": 0,
      "2": 0,
      "3": 0,
      "4": 0,
      "5": 0,
      "6": 0,
      "7": 0,
      "8": 0,
      "9": 0,
      "10": 0,
      "11": 0,
      "12": 0,
      "13": 0,
      "14": 0,
      "15": 0,
      "16": 0,
      "17": 0,
      "18": 0,
      "19": 0,
      "20": 0,
      "21": 0,
      "22": 0,
      "23": 0,
      "24": 0,
      "25": 0,
      "26": 0,
      "27": 0,
      "28": 0,
      "29": 0,
      "30": 0,
      "31": 0,
      "32": 0,
      "33": 0,
      "34": 0,
      "35": 0
    },
    "branchMap": {
      "0": {
        "type": "branch",
        "line": 1,
        "loc": { "start": { "line": 1, "column": 0 }, "end": { "line": 36, "column": 1 } },
        "locations": [{ "start": { "line": 1, "column": 0 }, "end": { "line": 36, "column": 1 } }]
      }
    },
    "b": { "0": [0] },
    "fnMap": {
      "0": {
        "name": "(empty-report)",
        "decl": { "start": { "line": 1, "column": 0 }, "end": { "line": 36, "column": 1 } },
        "loc": { "start": { "line": 1, "column": 0 }, "end": { "line": 36, "column": 1 } },
        "line": 1
      }
    },
    "f": { "0": 0 }
  }
}
